;  LST file generated by mikroListExporter - v.2.0 
; Date/Time: 1/21/2019 9:10:53 AM
;----------------------------------------------

;Address Opcode 	ASM
0x0000	0x2A17      	GOTO       535
_Delay_1us:
;__Lib_Delays.c,7 :: 		void Delay_1us() {
;__Lib_Delays.c,8 :: 		Delay_us(1);
0x0003	0x0000      	NOP
0x0004	0x0000      	NOP
;__Lib_Delays.c,9 :: 		}
L_end_Delay_1us:
0x0005	0x0008      	RETURN
; end of _Delay_1us
_Delay_5500us:
;__Lib_Delays.c,31 :: 		void Delay_5500us() {
;__Lib_Delays.c,32 :: 		Delay_us(5500);
0x0006	0x300F      	MOVLW      15
0x0007	0x1283      	BCF        STATUS, 5
0x0008	0x1303      	BCF        STATUS, 6
0x0009	0x00FC      	MOVWF      R12
0x000A	0x3047      	MOVLW      71
0x000B	0x00FD      	MOVWF      R13
L_Delay_5500us5:
0x000C	0x0BFD      	DECFSZ     R13, 1
0x000D	0x280C      	GOTO       L_Delay_5500us5
0x000E	0x0BFC      	DECFSZ     R12, 1
0x000F	0x280C      	GOTO       L_Delay_5500us5
0x0010	0x0000      	NOP
0x0011	0x0000      	NOP
;__Lib_Delays.c,33 :: 		}
L_end_Delay_5500us:
0x0012	0x0008      	RETURN
; end of _Delay_5500us
_Delay_50us:
;__Lib_Delays.c,19 :: 		void Delay_50us() {
;__Lib_Delays.c,20 :: 		Delay_us(50);
0x0013	0x3021      	MOVLW      33
0x0014	0x1283      	BCF        STATUS, 5
0x0015	0x1303      	BCF        STATUS, 6
0x0016	0x00FD      	MOVWF      R13
L_Delay_50us2:
0x0017	0x0BFD      	DECFSZ     R13, 1
0x0018	0x2817      	GOTO       L_Delay_50us2
;__Lib_Delays.c,21 :: 		}
L_end_Delay_50us:
0x0019	0x0008      	RETURN
; end of _Delay_50us
_Div_16x16_U:
;__Lib_Math.c,215 :: 		
;__Lib_Math.c,222 :: 		
0x001A	0x1283      	BCF        STATUS, 5
;__Lib_Math.c,223 :: 		
0x001B	0x1303      	BCF        STATUS, 6
;__Lib_Math.c,224 :: 		
0x001C	0x01F8      	CLRF       R8
;__Lib_Math.c,225 :: 		
0x001D	0x01F9      	CLRF       R9
;__Lib_Math.c,226 :: 		
0x001E	0x3010      	MOVLW      16
;__Lib_Math.c,227 :: 		
0x001F	0x00FC      	MOVWF      R12
;__Lib_Math.c,228 :: 		
0x0020	0x0D71      	RLF        R1, 0
;__Lib_Math.c,229 :: 		
0x0021	0x0DF8      	RLF        R8, 1
;__Lib_Math.c,230 :: 		
0x0022	0x0DF9      	RLF        R9, 1
;__Lib_Math.c,231 :: 		
0x0023	0x0874      	MOVF       R4, 0
;__Lib_Math.c,232 :: 		
0x0024	0x02F8      	SUBWF      R8, 1
;__Lib_Math.c,233 :: 		
0x0025	0x0875      	MOVF       R5, 0
;__Lib_Math.c,234 :: 		
0x0026	0x1C03      	BTFSS      STATUS, 0
;__Lib_Math.c,235 :: 		
0x0027	0x0F75      	INCFSZ     R5, 0
;__Lib_Math.c,236 :: 		
0x0028	0x02F9      	SUBWF      R9, 1
;__Lib_Math.c,237 :: 		
0x0029	0x1803      	BTFSC      STATUS, 0
;__Lib_Math.c,238 :: 		
0x002A	0x2832      	GOTO       $+8
;__Lib_Math.c,239 :: 		
0x002B	0x0874      	MOVF       R4, 0
;__Lib_Math.c,240 :: 		
0x002C	0x07F8      	ADDWF      R8, 1
;__Lib_Math.c,241 :: 		
0x002D	0x0875      	MOVF       R5, 0
;__Lib_Math.c,242 :: 		
0x002E	0x1803      	BTFSC      STATUS, 0
;__Lib_Math.c,243 :: 		
0x002F	0x0F75      	INCFSZ     R5, 0
;__Lib_Math.c,244 :: 		
0x0030	0x07F9      	ADDWF      R9, 1
;__Lib_Math.c,245 :: 		
0x0031	0x1003      	BCF        STATUS, 0
;__Lib_Math.c,246 :: 		
0x0032	0x0DF0      	RLF        R0, 1
;__Lib_Math.c,247 :: 		
0x0033	0x0DF1      	RLF        R1, 1
;__Lib_Math.c,248 :: 		
0x0034	0x0BFC      	DECFSZ     R12, 1
;__Lib_Math.c,249 :: 		
0x0035	0x2820      	GOTO       $-21
;__Lib_Math.c,251 :: 		
L_end_Div_16x16_U:
0x0036	0x0008      	RETURN
; end of _Div_16x16_U
_Lcd_Cmd:
;__Lib_Lcd.c,18 :: 		
;__Lib_Lcd.c,20 :: 		
0x0037	0x1683      	BSF        STATUS, 5
0x0038	0x1303      	BCF        STATUS, 6
0x0039	0x1BDF      	BTFSC      FARG_Lcd_Cmd_out_char, 7
0x003A	0x283E      	GOTO       L__Lcd_Cmd21
0x003B	0x1283      	BCF        STATUS, 5
0x003C	0x1186      	BCF        LCD_D7, BitPos(LCD_D7+0)
0x003D	0x2840      	GOTO       L__Lcd_Cmd22
L__Lcd_Cmd21:
0x003E	0x1283      	BCF        STATUS, 5
0x003F	0x1586      	BSF        LCD_D7, BitPos(LCD_D7+0)
L__Lcd_Cmd22:
;__Lib_Lcd.c,21 :: 		
0x0040	0x1683      	BSF        STATUS, 5
0x0041	0x1B5F      	BTFSC      FARG_Lcd_Cmd_out_char, 6
0x0042	0x2846      	GOTO       L__Lcd_Cmd23
0x0043	0x1283      	BCF        STATUS, 5
0x0044	0x1106      	BCF        LCD_D6, BitPos(LCD_D6+0)
0x0045	0x2848      	GOTO       L__Lcd_Cmd24
L__Lcd_Cmd23:
0x0046	0x1283      	BCF        STATUS, 5
0x0047	0x1506      	BSF        LCD_D6, BitPos(LCD_D6+0)
L__Lcd_Cmd24:
;__Lib_Lcd.c,22 :: 		
0x0048	0x1683      	BSF        STATUS, 5
0x0049	0x1ADF      	BTFSC      FARG_Lcd_Cmd_out_char, 5
0x004A	0x284E      	GOTO       L__Lcd_Cmd25
0x004B	0x1283      	BCF        STATUS, 5
0x004C	0x1086      	BCF        LCD_D5, BitPos(LCD_D5+0)
0x004D	0x2850      	GOTO       L__Lcd_Cmd26
L__Lcd_Cmd25:
0x004E	0x1283      	BCF        STATUS, 5
0x004F	0x1486      	BSF        LCD_D5, BitPos(LCD_D5+0)
L__Lcd_Cmd26:
;__Lib_Lcd.c,23 :: 		
0x0050	0x1683      	BSF        STATUS, 5
0x0051	0x1A5F      	BTFSC      FARG_Lcd_Cmd_out_char, 4
0x0052	0x2856      	GOTO       L__Lcd_Cmd27
0x0053	0x1283      	BCF        STATUS, 5
0x0054	0x1006      	BCF        LCD_D4, BitPos(LCD_D4+0)
0x0055	0x2858      	GOTO       L__Lcd_Cmd28
L__Lcd_Cmd27:
0x0056	0x1283      	BCF        STATUS, 5
0x0057	0x1406      	BSF        LCD_D4, BitPos(LCD_D4+0)
L__Lcd_Cmd28:
;__Lib_Lcd.c,25 :: 		
0x0058	0x186F      	BTFSC      __Lib_Lcd_cmd_status, BitPos(__Lib_Lcd_cmd_status+0)
0x0059	0x285C      	GOTO       L__Lcd_Cmd29
0x005A	0x1606      	BSF        LCD_RS, BitPos(LCD_RS+0)
0x005B	0x285D      	GOTO       L__Lcd_Cmd30
L__Lcd_Cmd29:
0x005C	0x1206      	BCF        LCD_RS, BitPos(LCD_RS+0)
L__Lcd_Cmd30:
;__Lib_Lcd.c,28 :: 		
0x005D	0x1686      	BSF        LCD_EN, BitPos(LCD_EN+0)
;__Lib_Lcd.c,29 :: 		
0x005E	0x2003      	CALL       _Delay_1us
;__Lib_Lcd.c,30 :: 		
0x005F	0x1286      	BCF        LCD_EN, BitPos(LCD_EN+0)
;__Lib_Lcd.c,33 :: 		
0x0060	0x1683      	BSF        STATUS, 5
0x0061	0x19DF      	BTFSC      FARG_Lcd_Cmd_out_char, 3
0x0062	0x2866      	GOTO       L__Lcd_Cmd31
0x0063	0x1283      	BCF        STATUS, 5
0x0064	0x1186      	BCF        LCD_D7, BitPos(LCD_D7+0)
0x0065	0x2868      	GOTO       L__Lcd_Cmd32
L__Lcd_Cmd31:
0x0066	0x1283      	BCF        STATUS, 5
0x0067	0x1586      	BSF        LCD_D7, BitPos(LCD_D7+0)
L__Lcd_Cmd32:
;__Lib_Lcd.c,34 :: 		
0x0068	0x1683      	BSF        STATUS, 5
0x0069	0x195F      	BTFSC      FARG_Lcd_Cmd_out_char, 2
0x006A	0x286E      	GOTO       L__Lcd_Cmd33
0x006B	0x1283      	BCF        STATUS, 5
0x006C	0x1106      	BCF        LCD_D6, BitPos(LCD_D6+0)
0x006D	0x2870      	GOTO       L__Lcd_Cmd34
L__Lcd_Cmd33:
0x006E	0x1283      	BCF        STATUS, 5
0x006F	0x1506      	BSF        LCD_D6, BitPos(LCD_D6+0)
L__Lcd_Cmd34:
;__Lib_Lcd.c,35 :: 		
0x0070	0x1683      	BSF        STATUS, 5
0x0071	0x18DF      	BTFSC      FARG_Lcd_Cmd_out_char, 1
0x0072	0x2876      	GOTO       L__Lcd_Cmd35
0x0073	0x1283      	BCF        STATUS, 5
0x0074	0x1086      	BCF        LCD_D5, BitPos(LCD_D5+0)
0x0075	0x2878      	GOTO       L__Lcd_Cmd36
L__Lcd_Cmd35:
0x0076	0x1283      	BCF        STATUS, 5
0x0077	0x1486      	BSF        LCD_D5, BitPos(LCD_D5+0)
L__Lcd_Cmd36:
;__Lib_Lcd.c,36 :: 		
0x0078	0x1683      	BSF        STATUS, 5
0x0079	0x185F      	BTFSC      FARG_Lcd_Cmd_out_char, 0
0x007A	0x287E      	GOTO       L__Lcd_Cmd37
0x007B	0x1283      	BCF        STATUS, 5
0x007C	0x1006      	BCF        LCD_D4, BitPos(LCD_D4+0)
0x007D	0x2880      	GOTO       L__Lcd_Cmd38
L__Lcd_Cmd37:
0x007E	0x1283      	BCF        STATUS, 5
0x007F	0x1406      	BSF        LCD_D4, BitPos(LCD_D4+0)
L__Lcd_Cmd38:
;__Lib_Lcd.c,38 :: 		
0x0080	0x186F      	BTFSC      __Lib_Lcd_cmd_status, BitPos(__Lib_Lcd_cmd_status+0)
0x0081	0x2884      	GOTO       L__Lcd_Cmd39
0x0082	0x1606      	BSF        LCD_RS, BitPos(LCD_RS+0)
0x0083	0x2885      	GOTO       L__Lcd_Cmd40
L__Lcd_Cmd39:
0x0084	0x1206      	BCF        LCD_RS, BitPos(LCD_RS+0)
L__Lcd_Cmd40:
;__Lib_Lcd.c,40 :: 		
0x0085	0x1686      	BSF        LCD_EN, BitPos(LCD_EN+0)
;__Lib_Lcd.c,41 :: 		
0x0086	0x2003      	CALL       _Delay_1us
;__Lib_Lcd.c,42 :: 		
0x0087	0x1286      	BCF        LCD_EN, BitPos(LCD_EN+0)
;__Lib_Lcd.c,44 :: 		
0x0088	0x1C6F      	BTFSS      __Lib_Lcd_cmd_status, BitPos(__Lib_Lcd_cmd_status+0)
0x0089	0x288C      	GOTO       L_Lcd_Cmd0
;__Lib_Lcd.c,45 :: 		
0x008A	0x2006      	CALL       _Delay_5500us
0x008B	0x288D      	GOTO       L_Lcd_Cmd1
L_Lcd_Cmd0:
;__Lib_Lcd.c,47 :: 		
0x008C	0x2013      	CALL       _Delay_50us
L_Lcd_Cmd1:
;__Lib_Lcd.c,48 :: 		
L_end_Lcd_Cmd:
0x008D	0x0008      	RETURN
; end of _Lcd_Cmd
_____DoICP:
;__Lib_System.c,6 :: 		
;__Lib_System.c,9 :: 		
0x008E	0x1683      	BSF        STATUS, 5
0x008F	0x1303      	BCF        STATUS, 6
0x0090	0x0830      	MOVF       ___DoICPAddr+1, 0
0x0091	0x008A      	MOVWF      PCLATH
;__Lib_System.c,10 :: 		
0x0092	0x082F      	MOVF       ___DoICPAddr, 0
0x0093	0x0082      	MOVWF      PCL
;__Lib_System.c,12 :: 		
L_end_____DoICP:
0x0094	0x0008      	RETURN
; end of _____DoICP
_WordToStr:
;__Lib_Conversions.c,84 :: 		
;__Lib_Conversions.c,89 :: 		
0x0095	0x1683      	BSF        STATUS, 5
0x0096	0x1303      	BCF        STATUS, 6
0x0097	0x01DD      	CLRF       WordToStr_len_L0
L_WordToStr6:
0x0098	0x3005      	MOVLW      5
0x0099	0x025D      	SUBWF      WordToStr_len_L0, 0
0x009A	0x1803      	BTFSC      STATUS, 0
0x009B	0x28A3      	GOTO       L_WordToStr7
;__Lib_Conversions.c,90 :: 		
0x009C	0x085D      	MOVF       WordToStr_len_L0, 0
0x009D	0x075C      	ADDWF      FARG_WordToStr_output, 0
0x009E	0x0084      	MOVWF      FSR
0x009F	0x3020      	MOVLW      32
0x00A0	0x0080      	MOVWF      INDF
;__Lib_Conversions.c,89 :: 		
0x00A1	0x0ADD      	INCF       WordToStr_len_L0, 1
;__Lib_Conversions.c,90 :: 		
0x00A2	0x2898      	GOTO       L_WordToStr6
L_WordToStr7:
;__Lib_Conversions.c,91 :: 		
0x00A3	0x085D      	MOVF       WordToStr_len_L0, 0
0x00A4	0x075C      	ADDWF      FARG_WordToStr_output, 0
0x00A5	0x0084      	MOVWF      FSR
0x00A6	0x0180      	CLRF       INDF
0x00A7	0x03DD      	DECF       WordToStr_len_L0, 1
;__Lib_Conversions.c,93 :: 		
L_WordToStr9:
;__Lib_Conversions.c,94 :: 		
0x00A8	0x085D      	MOVF       WordToStr_len_L0, 0
0x00A9	0x075C      	ADDWF      FARG_WordToStr_output, 0
0x00AA	0x00DE      	MOVWF      FLOC__WordToStr
0x00AB	0x300A      	MOVLW      10
0x00AC	0x00F4      	MOVWF      R4
0x00AD	0x01F5      	CLRF       R4+1
0x00AE	0x085A      	MOVF       FARG_WordToStr_input, 0
0x00AF	0x00F0      	MOVWF      R0
0x00B0	0x085B      	MOVF       FARG_WordToStr_input+1, 0
0x00B1	0x00F1      	MOVWF      R0+1
0x00B2	0x201A      	CALL       _Div_16x16_U
0x00B3	0x0878      	MOVF       R8, 0
0x00B4	0x00F0      	MOVWF      R0
0x00B5	0x0879      	MOVF       R8+1, 0
0x00B6	0x00F1      	MOVWF      R0+1
0x00B7	0x3030      	MOVLW      48
0x00B8	0x07F0      	ADDWF      R0, 1
0x00B9	0x1683      	BSF        STATUS, 5
0x00BA	0x085E      	MOVF       FLOC__WordToStr, 0
0x00BB	0x0084      	MOVWF      FSR
0x00BC	0x0870      	MOVF       R0, 0
0x00BD	0x0080      	MOVWF      INDF
;__Lib_Conversions.c,95 :: 		
0x00BE	0x300A      	MOVLW      10
0x00BF	0x00F4      	MOVWF      R4
0x00C0	0x01F5      	CLRF       R4+1
0x00C1	0x085A      	MOVF       FARG_WordToStr_input, 0
0x00C2	0x00F0      	MOVWF      R0
0x00C3	0x085B      	MOVF       FARG_WordToStr_input+1, 0
0x00C4	0x00F1      	MOVWF      R0+1
0x00C5	0x201A      	CALL       _Div_16x16_U
0x00C6	0x0870      	MOVF       R0, 0
0x00C7	0x1683      	BSF        STATUS, 5
0x00C8	0x00DA      	MOVWF      FARG_WordToStr_input
0x00C9	0x0871      	MOVF       R0+1, 0
0x00CA	0x00DB      	MOVWF      FARG_WordToStr_input+1
;__Lib_Conversions.c,96 :: 		
0x00CB	0x3000      	MOVLW      0
0x00CC	0x0671      	XORWF      R0+1, 0
0x00CD	0x1D03      	BTFSS      STATUS, 2
0x00CE	0x28D1      	GOTO       L__WordToStr109
0x00CF	0x3000      	MOVLW      0
0x00D0	0x0670      	XORWF      R0, 0
L__WordToStr109:
0x00D1	0x1D03      	BTFSS      STATUS, 2
0x00D2	0x28D4      	GOTO       L_WordToStr11
;__Lib_Conversions.c,97 :: 		
0x00D3	0x28D6      	GOTO       L_WordToStr10
L_WordToStr11:
;__Lib_Conversions.c,98 :: 		
0x00D4	0x03DD      	DECF       WordToStr_len_L0, 1
;__Lib_Conversions.c,99 :: 		
0x00D5	0x28A8      	GOTO       L_WordToStr9
L_WordToStr10:
;__Lib_Conversions.c,100 :: 		
L_end_WordToStr:
0x00D6	0x0008      	RETURN
; end of _WordToStr
_Lcd_Chr_CP:
;__Lib_Lcd.c,50 :: 		
;__Lib_Lcd.c,52 :: 		
0x00D7	0x1283      	BCF        STATUS, 5
0x00D8	0x1303      	BCF        STATUS, 6
0x00D9	0x106F      	BCF        __Lib_Lcd_cmd_status, BitPos(__Lib_Lcd_cmd_status+0)
;__Lib_Lcd.c,53 :: 		
0x00DA	0x1683      	BSF        STATUS, 5
0x00DB	0x085A      	MOVF       FARG_Lcd_Chr_CP_out_char, 0
0x00DC	0x00DF      	MOVWF      FARG_Lcd_Cmd_out_char
0x00DD	0x2037      	CALL       _Lcd_Cmd
;__Lib_Lcd.c,54 :: 		
0x00DE	0x146F      	BSF        __Lib_Lcd_cmd_status, BitPos(__Lib_Lcd_cmd_status+0)
;__Lib_Lcd.c,55 :: 		
L_end_Lcd_Chr_CP:
0x00DF	0x0008      	RETURN
; end of _Lcd_Chr_CP
_IntToStr:
;__Lib_Conversions.c,146 :: 		
;__Lib_Conversions.c,152 :: 		
0x00E0	0x1683      	BSF        STATUS, 5
0x00E1	0x1303      	BCF        STATUS, 6
0x00E2	0x01D6      	CLRF       IntToStr_negative_L0
0x00E3	0x01D7      	CLRF       IntToStr_negative_L0+1
;__Lib_Conversions.c,153 :: 		
0x00E4	0x0851      	MOVF       FARG_IntToStr_input, 0
0x00E5	0x00D8      	MOVWF      IntToStr_inword_L0
0x00E6	0x0852      	MOVF       FARG_IntToStr_input+1, 0
0x00E7	0x00D9      	MOVWF      IntToStr_inword_L0+1
;__Lib_Conversions.c,154 :: 		
0x00E8	0x3080      	MOVLW      128
0x00E9	0x0652      	XORWF      FARG_IntToStr_input+1, 0
0x00EA	0x00F0      	MOVWF      R0
0x00EB	0x3080      	MOVLW      128
0x00EC	0x0270      	SUBWF      R0, 0
0x00ED	0x1D03      	BTFSS      STATUS, 2
0x00EE	0x28F1      	GOTO       L__IntToStr115
0x00EF	0x3000      	MOVLW      0
0x00F0	0x0251      	SUBWF      FARG_IntToStr_input, 0
L__IntToStr115:
0x00F1	0x1803      	BTFSC      STATUS, 0
0x00F2	0x28FF      	GOTO       L_IntToStr23
;__Lib_Conversions.c,155 :: 		
0x00F3	0x3001      	MOVLW      1
0x00F4	0x00D6      	MOVWF      IntToStr_negative_L0
0x00F5	0x3000      	MOVLW      0
0x00F6	0x00D7      	MOVWF      IntToStr_negative_L0+1
;__Lib_Conversions.c,156 :: 		
0x00F7	0x0851      	MOVF       FARG_IntToStr_input, 0
0x00F8	0x3C00      	SUBLW      0
0x00F9	0x00D8      	MOVWF      IntToStr_inword_L0
0x00FA	0x0852      	MOVF       FARG_IntToStr_input+1, 0
0x00FB	0x1C03      	BTFSS      STATUS, 0
0x00FC	0x3E01      	ADDLW      1
0x00FD	0x01D9      	CLRF       IntToStr_inword_L0+1
0x00FE	0x02D9      	SUBWF      IntToStr_inword_L0+1, 1
;__Lib_Conversions.c,157 :: 		
L_IntToStr23:
;__Lib_Conversions.c,158 :: 		
0x00FF	0x0858      	MOVF       IntToStr_inword_L0, 0
0x0100	0x00DA      	MOVWF      FARG_WordToStr_input
0x0101	0x0859      	MOVF       IntToStr_inword_L0+1, 0
0x0102	0x00DB      	MOVWF      FARG_WordToStr_input+1
0x0103	0x0853      	MOVF       FARG_IntToStr_output, 0
0x0104	0x00DC      	MOVWF      FARG_WordToStr_output
0x0105	0x2095      	CALL       _WordToStr
;__Lib_Conversions.c,160 :: 		
0x0106	0x3006      	MOVLW      6
0x0107	0x00D4      	MOVWF      IntToStr_i_L0
0x0108	0x3000      	MOVLW      0
0x0109	0x00D5      	MOVWF      IntToStr_i_L0+1
;__Lib_Conversions.c,161 :: 		
L_IntToStr24:
0x010A	0x0855      	MOVF       IntToStr_i_L0+1, 0
0x010B	0x3C00      	SUBLW      0
0x010C	0x1D03      	BTFSS      STATUS, 2
0x010D	0x2910      	GOTO       L__IntToStr116
0x010E	0x0854      	MOVF       IntToStr_i_L0, 0
0x010F	0x3C00      	SUBLW      0
L__IntToStr116:
0x0110	0x1803      	BTFSC      STATUS, 0
0x0111	0x292B      	GOTO       L_IntToStr25
;__Lib_Conversions.c,162 :: 		
0x0112	0x0854      	MOVF       IntToStr_i_L0, 0
0x0113	0x0753      	ADDWF      FARG_IntToStr_output, 0
0x0114	0x00F2      	MOVWF      R2
0x0115	0x3001      	MOVLW      1
0x0116	0x0254      	SUBWF      IntToStr_i_L0, 0
0x0117	0x00F0      	MOVWF      R0
0x0118	0x3000      	MOVLW      0
0x0119	0x1C03      	BTFSS      STATUS, 0
0x011A	0x3E01      	ADDLW      1
0x011B	0x0255      	SUBWF      IntToStr_i_L0+1, 0
0x011C	0x00F1      	MOVWF      R0+1
0x011D	0x0870      	MOVF       R0, 0
0x011E	0x0753      	ADDWF      FARG_IntToStr_output, 0
0x011F	0x0084      	MOVWF      FSR
0x0120	0x0800      	MOVF       INDF, 0
0x0121	0x00F0      	MOVWF      R0
0x0122	0x0872      	MOVF       R2, 0
0x0123	0x0084      	MOVWF      FSR
0x0124	0x0870      	MOVF       R0, 0
0x0125	0x0080      	MOVWF      INDF
;__Lib_Conversions.c,163 :: 		
0x0126	0x3001      	MOVLW      1
0x0127	0x02D4      	SUBWF      IntToStr_i_L0, 1
0x0128	0x1C03      	BTFSS      STATUS, 0
0x0129	0x03D5      	DECF       IntToStr_i_L0+1, 1
;__Lib_Conversions.c,164 :: 		
0x012A	0x290A      	GOTO       L_IntToStr24
L_IntToStr25:
;__Lib_Conversions.c,165 :: 		
0x012B	0x0853      	MOVF       FARG_IntToStr_output, 0
0x012C	0x0084      	MOVWF      FSR
0x012D	0x3020      	MOVLW      32
0x012E	0x0080      	MOVWF      INDF
;__Lib_Conversions.c,166 :: 		
0x012F	0x0856      	MOVF       IntToStr_negative_L0, 0
0x0130	0x0457      	IORWF      IntToStr_negative_L0+1, 0
0x0131	0x1903      	BTFSC      STATUS, 2
0x0132	0x2949      	GOTO       L_IntToStr26
;__Lib_Conversions.c,167 :: 		
0x0133	0x01D4      	CLRF       IntToStr_i_L0
0x0134	0x01D5      	CLRF       IntToStr_i_L0+1
;__Lib_Conversions.c,168 :: 		
L_IntToStr27:
0x0135	0x0854      	MOVF       IntToStr_i_L0, 0
0x0136	0x0753      	ADDWF      FARG_IntToStr_output, 0
0x0137	0x0084      	MOVWF      FSR
0x0138	0x0800      	MOVF       INDF, 0
0x0139	0x3A20      	XORLW      32
0x013A	0x1D03      	BTFSS      STATUS, 2
0x013B	0x2940      	GOTO       L_IntToStr28
0x013C	0x0AD4      	INCF       IntToStr_i_L0, 1
0x013D	0x1903      	BTFSC      STATUS, 2
0x013E	0x0AD5      	INCF       IntToStr_i_L0+1, 1
0x013F	0x2935      	GOTO       L_IntToStr27
L_IntToStr28:
;__Lib_Conversions.c,169 :: 		
0x0140	0x3001      	MOVLW      1
0x0141	0x02D4      	SUBWF      IntToStr_i_L0, 1
0x0142	0x1C03      	BTFSS      STATUS, 0
0x0143	0x03D5      	DECF       IntToStr_i_L0+1, 1
;__Lib_Conversions.c,170 :: 		
0x0144	0x0854      	MOVF       IntToStr_i_L0, 0
0x0145	0x0753      	ADDWF      FARG_IntToStr_output, 0
0x0146	0x0084      	MOVWF      FSR
0x0147	0x302D      	MOVLW      45
0x0148	0x0080      	MOVWF      INDF
L_IntToStr26:
;__Lib_Conversions.c,171 :: 		
L_end_IntToStr:
0x0149	0x0008      	RETURN
; end of _IntToStr
_EEPROM_Write:
;__Lib_EEPROM.c,16 :: 		
;__Lib_EEPROM.c,20 :: 		
L_EEPROM_Write0:
0x014A	0x1683      	BSF        STATUS, 5
0x014B	0x1703      	BSF        STATUS, 6
0x014C	0x1C8C      	BTFSS      EECON1, 1
0x014D	0x2950      	GOTO       L_EEPROM_Write1
0x014E	0x0000      	NOP
0x014F	0x294A      	GOTO       L_EEPROM_Write0
L_EEPROM_Write1:
;__Lib_EEPROM.c,21 :: 		
0x0150	0x1303      	BCF        STATUS, 6
0x0151	0x0851      	MOVF       FARG_EEPROM_Write_Address, 0
0x0152	0x1283      	BCF        STATUS, 5
0x0153	0x1703      	BSF        STATUS, 6
0x0154	0x008D      	MOVWF      EEADR
;__Lib_EEPROM.c,22 :: 		
0x0155	0x1683      	BSF        STATUS, 5
0x0156	0x1303      	BCF        STATUS, 6
0x0157	0x0852      	MOVF       FARG_EEPROM_Write_data_, 0
0x0158	0x1283      	BCF        STATUS, 5
0x0159	0x1703      	BSF        STATUS, 6
0x015A	0x008C      	MOVWF      EEDATA
;__Lib_EEPROM.c,23 :: 		
0x015B	0x1683      	BSF        STATUS, 5
0x015C	0x138C      	BCF        EECON1, 7
;__Lib_EEPROM.c,24 :: 		
0x015D	0x150C      	BSF        EECON1, 2
;__Lib_EEPROM.c,26 :: 		
0x015E	0x080B      	MOVF       INTCON, 0
0x015F	0x00F0      	MOVWF      R0
;__Lib_EEPROM.c,29 :: 		
0x0160	0x138B      	BCF        INTCON, 7
;__Lib_EEPROM.c,30 :: 		
0x0161	0x3055      	MOVLW      85
0x0162	0x008D      	MOVWF      EECON2
;__Lib_EEPROM.c,31 :: 		
0x0163	0x30AA      	MOVLW      170
0x0164	0x008D      	MOVWF      EECON2
;__Lib_EEPROM.c,32 :: 		
0x0165	0x148C      	BSF        EECON1, 1
;__Lib_EEPROM.c,36 :: 		
0x0166	0x1BF0      	BTFSC      R0, 7
0x0167	0x296A      	GOTO       L__EEPROM_Write4
0x0168	0x138B      	BCF        INTCON, 7
0x0169	0x296B      	GOTO       L__EEPROM_Write5
L__EEPROM_Write4:
0x016A	0x178B      	BSF        INTCON, 7
L__EEPROM_Write5:
;__Lib_EEPROM.c,37 :: 		
0x016B	0x110C      	BCF        EECON1, 2
;__Lib_EEPROM.c,38 :: 		
L_end_EEPROM_Write:
0x016C	0x0008      	RETURN
; end of _EEPROM_Write
_Lcd_Out:
;__Lib_Lcd.c,184 :: 		
;__Lib_Lcd.c,187 :: 		
0x016D	0x297F      	GOTO       L_Lcd_Out11
;__Lib_Lcd.c,188 :: 		
L_Lcd_Out13:
0x016E	0x3080      	MOVLW      128
0x016F	0x1683      	BSF        STATUS, 5
0x0170	0x1303      	BCF        STATUS, 6
0x0171	0x00D1      	MOVWF      FARG_Lcd_Out_row
0x0172	0x2992      	GOTO       L_Lcd_Out12
;__Lib_Lcd.c,189 :: 		
L_Lcd_Out14:
0x0173	0x30C0      	MOVLW      192
0x0174	0x00D1      	MOVWF      FARG_Lcd_Out_row
0x0175	0x2992      	GOTO       L_Lcd_Out12
;__Lib_Lcd.c,190 :: 		
L_Lcd_Out15:
0x0176	0x3094      	MOVLW      148
0x0177	0x00D1      	MOVWF      FARG_Lcd_Out_row
0x0178	0x2992      	GOTO       L_Lcd_Out12
;__Lib_Lcd.c,191 :: 		
L_Lcd_Out16:
0x0179	0x30D4      	MOVLW      212
0x017A	0x00D1      	MOVWF      FARG_Lcd_Out_row
0x017B	0x2992      	GOTO       L_Lcd_Out12
;__Lib_Lcd.c,192 :: 		
L_Lcd_Out17:
0x017C	0x3080      	MOVLW      128
0x017D	0x00D1      	MOVWF      FARG_Lcd_Out_row
;__Lib_Lcd.c,193 :: 		
0x017E	0x2992      	GOTO       L_Lcd_Out12
L_Lcd_Out11:
0x017F	0x1683      	BSF        STATUS, 5
0x0180	0x1303      	BCF        STATUS, 6
0x0181	0x0851      	MOVF       FARG_Lcd_Out_row, 0
0x0182	0x3A01      	XORLW      1
0x0183	0x1903      	BTFSC      STATUS, 2
0x0184	0x296E      	GOTO       L_Lcd_Out13
0x0185	0x0851      	MOVF       FARG_Lcd_Out_row, 0
0x0186	0x3A02      	XORLW      2
0x0187	0x1903      	BTFSC      STATUS, 2
0x0188	0x2973      	GOTO       L_Lcd_Out14
0x0189	0x0851      	MOVF       FARG_Lcd_Out_row, 0
0x018A	0x3A03      	XORLW      3
0x018B	0x1903      	BTFSC      STATUS, 2
0x018C	0x2976      	GOTO       L_Lcd_Out15
0x018D	0x0851      	MOVF       FARG_Lcd_Out_row, 0
0x018E	0x3A04      	XORLW      4
0x018F	0x1903      	BTFSC      STATUS, 2
0x0190	0x2979      	GOTO       L_Lcd_Out16
0x0191	0x297C      	GOTO       L_Lcd_Out17
L_Lcd_Out12:
;__Lib_Lcd.c,194 :: 		
0x0192	0x0352      	DECF       FARG_Lcd_Out_column, 0
0x0193	0x00F0      	MOVWF      R0
0x0194	0x0851      	MOVF       FARG_Lcd_Out_row, 0
0x0195	0x07F0      	ADDWF      R0, 1
0x0196	0x0870      	MOVF       R0, 0
0x0197	0x00D1      	MOVWF      FARG_Lcd_Out_row
;__Lib_Lcd.c,196 :: 		
0x0198	0x0870      	MOVF       R0, 0
0x0199	0x00DF      	MOVWF      FARG_Lcd_Cmd_out_char
0x019A	0x2037      	CALL       _Lcd_Cmd
;__Lib_Lcd.c,197 :: 		
0x019B	0x106F      	BCF        __Lib_Lcd_cmd_status, BitPos(__Lib_Lcd_cmd_status+0)
;__Lib_Lcd.c,198 :: 		
0x019C	0x1683      	BSF        STATUS, 5
0x019D	0x01D4      	CLRF       Lcd_Out_i_L0
;__Lib_Lcd.c,199 :: 		
L_Lcd_Out18:
0x019E	0x0854      	MOVF       Lcd_Out_i_L0, 0
0x019F	0x0753      	ADDWF      FARG_Lcd_Out_text, 0
0x01A0	0x0084      	MOVWF      FSR
0x01A1	0x0800      	MOVF       INDF, 0
0x01A2	0x1903      	BTFSC      STATUS, 2
0x01A3	0x29AD      	GOTO       L_Lcd_Out19
;__Lib_Lcd.c,200 :: 		
0x01A4	0x0854      	MOVF       Lcd_Out_i_L0, 0
0x01A5	0x0753      	ADDWF      FARG_Lcd_Out_text, 0
0x01A6	0x0084      	MOVWF      FSR
0x01A7	0x0800      	MOVF       INDF, 0
0x01A8	0x00DA      	MOVWF      FARG_Lcd_Chr_CP_out_char
0x01A9	0x20D7      	CALL       _Lcd_Chr_CP
0x01AA	0x1683      	BSF        STATUS, 5
0x01AB	0x0AD4      	INCF       Lcd_Out_i_L0, 1
0x01AC	0x299E      	GOTO       L_Lcd_Out18
L_Lcd_Out19:
;__Lib_Lcd.c,201 :: 		
0x01AD	0x1283      	BCF        STATUS, 5
0x01AE	0x146F      	BSF        __Lib_Lcd_cmd_status, BitPos(__Lib_Lcd_cmd_status+0)
;__Lib_Lcd.c,202 :: 		
L_end_Lcd_Out:
0x01AF	0x0008      	RETURN
; end of _Lcd_Out
_Lcd_Init:
;__Lib_Lcd.c,84 :: 		
;__Lib_Lcd.c,86 :: 		
0x01B0	0x1683      	BSF        STATUS, 5
0x01B1	0x1303      	BCF        STATUS, 6
0x01B2	0x1286      	BCF        LCD_EN_Direction, BitPos(LCD_EN_Direction+0)
;__Lib_Lcd.c,87 :: 		
0x01B3	0x1206      	BCF        LCD_RS_Direction, BitPos(LCD_RS_Direction+0)
;__Lib_Lcd.c,88 :: 		
0x01B4	0x1006      	BCF        LCD_D4_Direction, BitPos(LCD_D4_Direction+0)
;__Lib_Lcd.c,89 :: 		
0x01B5	0x1086      	BCF        LCD_D5_Direction, BitPos(LCD_D5_Direction+0)
;__Lib_Lcd.c,90 :: 		
0x01B6	0x1106      	BCF        LCD_D6_Direction, BitPos(LCD_D6_Direction+0)
;__Lib_Lcd.c,91 :: 		
0x01B7	0x1186      	BCF        LCD_D7_Direction, BitPos(LCD_D7_Direction+0)
;__Lib_Lcd.c,93 :: 		
0x01B8	0x1283      	BCF        STATUS, 5
0x01B9	0x1286      	BCF        LCD_EN, BitPos(LCD_EN+0)
;__Lib_Lcd.c,94 :: 		
0x01BA	0x1206      	BCF        LCD_RS, BitPos(LCD_RS+0)
;__Lib_Lcd.c,95 :: 		
0x01BB	0x1186      	BCF        LCD_D7, BitPos(LCD_D7+0)
;__Lib_Lcd.c,96 :: 		
0x01BC	0x1106      	BCF        LCD_D6, BitPos(LCD_D6+0)
;__Lib_Lcd.c,97 :: 		
0x01BD	0x1086      	BCF        LCD_D5, BitPos(LCD_D5+0)
;__Lib_Lcd.c,98 :: 		
0x01BE	0x1006      	BCF        LCD_D4, BitPos(LCD_D4+0)
;__Lib_Lcd.c,100 :: 		
0x01BF	0x2006      	CALL       _Delay_5500us
;__Lib_Lcd.c,101 :: 		
0x01C0	0x2006      	CALL       _Delay_5500us
;__Lib_Lcd.c,102 :: 		
0x01C1	0x2006      	CALL       _Delay_5500us
;__Lib_Lcd.c,105 :: 		
0x01C2	0x1486      	BSF        LCD_D5, BitPos(LCD_D5+0)
;__Lib_Lcd.c,106 :: 		
0x01C3	0x1406      	BSF        LCD_D4, BitPos(LCD_D4+0)
;__Lib_Lcd.c,107 :: 		
0x01C4	0x1686      	BSF        LCD_EN, BitPos(LCD_EN+0)
;__Lib_Lcd.c,108 :: 		
0x01C5	0x2003      	CALL       _Delay_1us
;__Lib_Lcd.c,109 :: 		
0x01C6	0x1286      	BCF        LCD_EN, BitPos(LCD_EN+0)
;__Lib_Lcd.c,110 :: 		
0x01C7	0x2006      	CALL       _Delay_5500us
;__Lib_Lcd.c,112 :: 		
0x01C8	0x1686      	BSF        LCD_EN, BitPos(LCD_EN+0)
;__Lib_Lcd.c,113 :: 		
0x01C9	0x2003      	CALL       _Delay_1us
;__Lib_Lcd.c,114 :: 		
0x01CA	0x1286      	BCF        LCD_EN, BitPos(LCD_EN+0)
;__Lib_Lcd.c,115 :: 		
0x01CB	0x2006      	CALL       _Delay_5500us
;__Lib_Lcd.c,117 :: 		
0x01CC	0x1686      	BSF        LCD_EN, BitPos(LCD_EN+0)
;__Lib_Lcd.c,118 :: 		
0x01CD	0x2003      	CALL       _Delay_1us
;__Lib_Lcd.c,119 :: 		
0x01CE	0x1286      	BCF        LCD_EN, BitPos(LCD_EN+0)
;__Lib_Lcd.c,120 :: 		
0x01CF	0x2006      	CALL       _Delay_5500us
;__Lib_Lcd.c,123 :: 		
0x01D0	0x1006      	BCF        LCD_D4, BitPos(LCD_D4+0)
;__Lib_Lcd.c,124 :: 		
0x01D1	0x1686      	BSF        LCD_EN, BitPos(LCD_EN+0)
;__Lib_Lcd.c,125 :: 		
0x01D2	0x2003      	CALL       _Delay_1us
;__Lib_Lcd.c,126 :: 		
0x01D3	0x1286      	BCF        LCD_EN, BitPos(LCD_EN+0)
;__Lib_Lcd.c,127 :: 		
0x01D4	0x2006      	CALL       _Delay_5500us
;__Lib_Lcd.c,130 :: 		
0x01D5	0x1686      	BSF        LCD_EN, BitPos(LCD_EN+0)
;__Lib_Lcd.c,131 :: 		
0x01D6	0x2003      	CALL       _Delay_1us
;__Lib_Lcd.c,132 :: 		
0x01D7	0x1286      	BCF        LCD_EN, BitPos(LCD_EN+0)
;__Lib_Lcd.c,134 :: 		
0x01D8	0x1086      	BCF        LCD_D5, BitPos(LCD_D5+0)
;__Lib_Lcd.c,135 :: 		
0x01D9	0x1586      	BSF        LCD_D7, BitPos(LCD_D7+0)
;__Lib_Lcd.c,136 :: 		
0x01DA	0x1686      	BSF        LCD_EN, BitPos(LCD_EN+0)
;__Lib_Lcd.c,137 :: 		
0x01DB	0x2003      	CALL       _Delay_1us
;__Lib_Lcd.c,138 :: 		
0x01DC	0x1286      	BCF        LCD_EN, BitPos(LCD_EN+0)
;__Lib_Lcd.c,139 :: 		
0x01DD	0x2006      	CALL       _Delay_5500us
;__Lib_Lcd.c,142 :: 		
0x01DE	0x1186      	BCF        LCD_D7, BitPos(LCD_D7+0)
;__Lib_Lcd.c,143 :: 		
0x01DF	0x1406      	BSF        LCD_D4, BitPos(LCD_D4+0)
;__Lib_Lcd.c,144 :: 		
0x01E0	0x1686      	BSF        LCD_EN, BitPos(LCD_EN+0)
;__Lib_Lcd.c,145 :: 		
0x01E1	0x2003      	CALL       _Delay_1us
;__Lib_Lcd.c,146 :: 		
0x01E2	0x1286      	BCF        LCD_EN, BitPos(LCD_EN+0)
;__Lib_Lcd.c,148 :: 		
0x01E3	0x1006      	BCF        LCD_D4, BitPos(LCD_D4+0)
;__Lib_Lcd.c,149 :: 		
0x01E4	0x1686      	BSF        LCD_EN, BitPos(LCD_EN+0)
;__Lib_Lcd.c,150 :: 		
0x01E5	0x2003      	CALL       _Delay_1us
;__Lib_Lcd.c,151 :: 		
0x01E6	0x1286      	BCF        LCD_EN, BitPos(LCD_EN+0)
;__Lib_Lcd.c,152 :: 		
0x01E7	0x2006      	CALL       _Delay_5500us
;__Lib_Lcd.c,155 :: 		
0x01E8	0x1686      	BSF        LCD_EN, BitPos(LCD_EN+0)
;__Lib_Lcd.c,156 :: 		
0x01E9	0x2003      	CALL       _Delay_1us
;__Lib_Lcd.c,157 :: 		
0x01EA	0x1286      	BCF        LCD_EN, BitPos(LCD_EN+0)
;__Lib_Lcd.c,159 :: 		
0x01EB	0x1406      	BSF        LCD_D4, BitPos(LCD_D4+0)
;__Lib_Lcd.c,160 :: 		
0x01EC	0x1686      	BSF        LCD_EN, BitPos(LCD_EN+0)
;__Lib_Lcd.c,161 :: 		
0x01ED	0x2003      	CALL       _Delay_1us
;__Lib_Lcd.c,162 :: 		
0x01EE	0x1286      	BCF        LCD_EN, BitPos(LCD_EN+0)
;__Lib_Lcd.c,163 :: 		
0x01EF	0x2006      	CALL       _Delay_5500us
;__Lib_Lcd.c,166 :: 		
0x01F0	0x1006      	BCF        LCD_D4, BitPos(LCD_D4+0)
;__Lib_Lcd.c,167 :: 		
0x01F1	0x1686      	BSF        LCD_EN, BitPos(LCD_EN+0)
;__Lib_Lcd.c,168 :: 		
0x01F2	0x2003      	CALL       _Delay_1us
;__Lib_Lcd.c,169 :: 		
0x01F3	0x1286      	BCF        LCD_EN, BitPos(LCD_EN+0)
;__Lib_Lcd.c,171 :: 		
0x01F4	0x1586      	BSF        LCD_D7, BitPos(LCD_D7+0)
;__Lib_Lcd.c,172 :: 		
0x01F5	0x1506      	BSF        LCD_D6, BitPos(LCD_D6+0)
;__Lib_Lcd.c,173 :: 		
0x01F6	0x1486      	BSF        LCD_D5, BitPos(LCD_D5+0)
;__Lib_Lcd.c,174 :: 		
0x01F7	0x1406      	BSF        LCD_D4, BitPos(LCD_D4+0)
;__Lib_Lcd.c,175 :: 		
0x01F8	0x1686      	BSF        LCD_EN, BitPos(LCD_EN+0)
;__Lib_Lcd.c,176 :: 		
0x01F9	0x2003      	CALL       _Delay_1us
;__Lib_Lcd.c,177 :: 		
0x01FA	0x1286      	BCF        LCD_EN, BitPos(LCD_EN+0)
;__Lib_Lcd.c,179 :: 		
0x01FB	0x2006      	CALL       _Delay_5500us
;__Lib_Lcd.c,181 :: 		
0x01FC	0x146F      	BSF        __Lib_Lcd_cmd_status, BitPos(__Lib_Lcd_cmd_status+0)
;__Lib_Lcd.c,182 :: 		
L_end_Lcd_Init:
0x01FD	0x0008      	RETURN
; end of _Lcd_Init
_EEPROM_Read:
;__Lib_EEPROM.c,4 :: 		
;__Lib_EEPROM.c,5 :: 		
0x01FE	0x1683      	BSF        STATUS, 5
0x01FF	0x1303      	BCF        STATUS, 6
0x0200	0x0851      	MOVF       FARG_EEPROM_Read_Address, 0
0x0201	0x1283      	BCF        STATUS, 5
0x0202	0x1703      	BSF        STATUS, 6
0x0203	0x008D      	MOVWF      EEADR
;__Lib_EEPROM.c,6 :: 		
0x0204	0x1683      	BSF        STATUS, 5
0x0205	0x138C      	BCF        EECON1, 7
;__Lib_EEPROM.c,12 :: 		
0x0206	0x140C      	BSF        EECON1, 0
;__Lib_EEPROM.c,13 :: 		
0x0207	0x1283      	BCF        STATUS, 5
0x0208	0x080C      	MOVF       EEDATA, 0
0x0209	0x00F0      	MOVWF      R0
;__Lib_EEPROM.c,14 :: 		
L_end_EEPROM_Read:
0x020A	0x0008      	RETURN
; end of _EEPROM_Read
___CC2DW:
;__Lib_System.c,134 :: 		
;__Lib_System.c,137 :: 		
_CC2D_Loop1:
;__Lib_System.c,139 :: 		
0x020B	0x208E      	CALL       _____DoICP
0x020C	0x118A      	BCF        PCLATH, 3
0x020D	0x120A      	BCF        PCLATH, 4
;__Lib_System.c,141 :: 		
0x020E	0x0080      	MOVWF      INDF
;__Lib_System.c,142 :: 		
0x020F	0x0A84      	INCF       FSR, 1
;__Lib_System.c,143 :: 		
0x0210	0x0AAF      	INCF       ___DoICPAddr, 1
;__Lib_System.c,145 :: 		
0x0211	0x1903      	BTFSC      STATUS, 2
;__Lib_System.c,146 :: 		
0x0212	0x0AB0      	INCF       ___DoICPAddr+1, 1
;__Lib_System.c,147 :: 		
0x0213	0x03F0      	DECF       R0, 1
;__Lib_System.c,149 :: 		
0x0214	0x1D03      	BTFSS      STATUS, 2
;__Lib_System.c,150 :: 		
0x0215	0x2A0B      	GOTO       _CC2D_Loop1
;__Lib_System.c,152 :: 		
L_end___CC2DW:
0x0216	0x0008      	RETURN
; end of ___CC2DW
_main:
0x0217	0x240A      	CALL       1034
;EEPROM.c,18 :: 		void main() {
;EEPROM.c,19 :: 		unsigned short a=0, b=0, c=0, d=0;
0x0218	0x1683      	BSF        STATUS, 5
0x0219	0x1303      	BCF        STATUS, 6
0x021A	0x01CD      	CLRF       main_a_L0
0x021B	0x01CE      	CLRF       main_b_L0
0x021C	0x01CF      	CLRF       main_c_L0
0x021D	0x01D0      	CLRF       main_d_L0
;EEPROM.c,22 :: 		TRISD=1;
0x021E	0x3001      	MOVLW      1
0x021F	0x0088      	MOVWF      TRISD
;EEPROM.c,23 :: 		PORTD=0;
0x0220	0x1283      	BCF        STATUS, 5
0x0221	0x0188      	CLRF       PORTD
;EEPROM.c,26 :: 		Lcd_Init();                        // Initialize LCD
0x0222	0x21B0      	CALL       _Lcd_Init
;EEPROM.c,27 :: 		Lcd_Cmd(_LCD_CLEAR);               // Clear display
0x0223	0x3001      	MOVLW      1
0x0224	0x1683      	BSF        STATUS, 5
0x0225	0x00DF      	MOVWF      FARG_Lcd_Cmd_out_char
0x0226	0x2037      	CALL       _Lcd_Cmd
;EEPROM.c,28 :: 		Lcd_Cmd(_LCD_CURSOR_OFF);          // Cursor off
0x0227	0x300C      	MOVLW      12
0x0228	0x1683      	BSF        STATUS, 5
0x0229	0x00DF      	MOVWF      FARG_Lcd_Cmd_out_char
0x022A	0x2037      	CALL       _Lcd_Cmd
;EEPROM.c,29 :: 		Lcd_Out(1,1,"HELLO EveryVoter");
0x022B	0x3001      	MOVLW      1
0x022C	0x1683      	BSF        STATUS, 5
0x022D	0x00D1      	MOVWF      FARG_Lcd_Out_row
0x022E	0x3001      	MOVLW      1
0x022F	0x00D2      	MOVWF      FARG_Lcd_Out_column
0x0230	0x3035      	MOVLW      ?lstr1_EEPROM
0x0231	0x00D3      	MOVWF      FARG_Lcd_Out_text
0x0232	0x216D      	CALL       _Lcd_Out
;EEPROM.c,30 :: 		Delay_ms(2000);
0x0233	0x3015      	MOVLW      21
0x0234	0x00FB      	MOVWF      R11
0x0235	0x304B      	MOVLW      75
0x0236	0x00FC      	MOVWF      R12
0x0237	0x30BE      	MOVLW      190
0x0238	0x00FD      	MOVWF      R13
L_main2:
0x0239	0x0BFD      	DECFSZ     R13, 1
0x023A	0x2A39      	GOTO       L_main2
0x023B	0x0BFC      	DECFSZ     R12, 1
0x023C	0x2A39      	GOTO       L_main2
0x023D	0x0BFB      	DECFSZ     R11, 1
0x023E	0x2A39      	GOTO       L_main2
0x023F	0x0000      	NOP
;EEPROM.c,31 :: 		if (PORTD.F0==1)                                // start
0x0240	0x1C08      	BTFSS      PORTD, 0
0x0241	0x2A42      	GOTO       L_main3
;EEPROM.c,34 :: 		}
L_main3:
;EEPROM.c,35 :: 		while (PORTD==0)
L_main4:
0x0242	0x0808      	MOVF       PORTD, 0
0x0243	0x3A00      	XORLW      0
0x0244	0x1D03      	BTFSS      STATUS, 2
0x0245	0x2A47      	GOTO       L_main5
;EEPROM.c,37 :: 		}
0x0246	0x2A42      	GOTO       L_main4
L_main5:
;EEPROM.c,38 :: 		while (e=1)
L_main6:
;EEPROM.c,40 :: 		if (PORTD.F0==1)
0x0247	0x1C08      	BTFSS      PORTD, 0
0x0248	0x2A66      	GOTO       L_main8
;EEPROM.c,42 :: 		Lcd_Cmd(_LCD_CLEAR);               // Clear display
0x0249	0x3001      	MOVLW      1
0x024A	0x1683      	BSF        STATUS, 5
0x024B	0x00DF      	MOVWF      FARG_Lcd_Cmd_out_char
0x024C	0x2037      	CALL       _Lcd_Cmd
;EEPROM.c,43 :: 		Lcd_Cmd(_LCD_CURSOR_OFF);          // Cursor off
0x024D	0x300C      	MOVLW      12
0x024E	0x1683      	BSF        STATUS, 5
0x024F	0x00DF      	MOVWF      FARG_Lcd_Cmd_out_char
0x0250	0x2037      	CALL       _Lcd_Cmd
;EEPROM.c,44 :: 		Lcd_Out(1,5,"START VOTING");
0x0251	0x3001      	MOVLW      1
0x0252	0x1683      	BSF        STATUS, 5
0x0253	0x00D1      	MOVWF      FARG_Lcd_Out_row
0x0254	0x3005      	MOVLW      5
0x0255	0x00D2      	MOVWF      FARG_Lcd_Out_column
0x0256	0x3028      	MOVLW      ?lstr2_EEPROM
0x0257	0x00D3      	MOVWF      FARG_Lcd_Out_text
0x0258	0x216D      	CALL       _Lcd_Out
;EEPROM.c,45 :: 		Delay_ms(2000);
0x0259	0x3015      	MOVLW      21
0x025A	0x00FB      	MOVWF      R11
0x025B	0x304B      	MOVLW      75
0x025C	0x00FC      	MOVWF      R12
0x025D	0x30BE      	MOVLW      190
0x025E	0x00FD      	MOVWF      R13
L_main9:
0x025F	0x0BFD      	DECFSZ     R13, 1
0x0260	0x2A5F      	GOTO       L_main9
0x0261	0x0BFC      	DECFSZ     R12, 1
0x0262	0x2A5F      	GOTO       L_main9
0x0263	0x0BFB      	DECFSZ     R11, 1
0x0264	0x2A5F      	GOTO       L_main9
0x0265	0x0000      	NOP
;EEPROM.c,46 :: 		}
L_main8:
;EEPROM.c,47 :: 		if (PORTD.F1==1)                            //voter1
0x0266	0x1C88      	BTFSS      PORTD, 1
0x0267	0x2A8C      	GOTO       L_main10
;EEPROM.c,49 :: 		a++;
0x0268	0x1683      	BSF        STATUS, 5
0x0269	0x0ACD      	INCF       main_a_L0, 1
;EEPROM.c,51 :: 		eeprom_write(0x12,a);
0x026A	0x3012      	MOVLW      18
0x026B	0x00D1      	MOVWF      FARG_EEPROM_Write_Address
0x026C	0x084D      	MOVF       main_a_L0, 0
0x026D	0x00D2      	MOVWF      FARG_EEPROM_Write_data_
0x026E	0x214A      	CALL       _EEPROM_Write
;EEPROM.c,52 :: 		Lcd_Cmd(_LCD_CLEAR);               // Clear display
0x026F	0x3001      	MOVLW      1
0x0270	0x1303      	BCF        STATUS, 6
0x0271	0x00DF      	MOVWF      FARG_Lcd_Cmd_out_char
0x0272	0x2037      	CALL       _Lcd_Cmd
;EEPROM.c,53 :: 		Lcd_Cmd(_LCD_CURSOR_OFF);          // Cursor off
0x0273	0x300C      	MOVLW      12
0x0274	0x1683      	BSF        STATUS, 5
0x0275	0x00DF      	MOVWF      FARG_Lcd_Cmd_out_char
0x0276	0x2037      	CALL       _Lcd_Cmd
;EEPROM.c,54 :: 		Lcd_Out(1,5,"success");
0x0277	0x3001      	MOVLW      1
0x0278	0x1683      	BSF        STATUS, 5
0x0279	0x00D1      	MOVWF      FARG_Lcd_Out_row
0x027A	0x3005      	MOVLW      5
0x027B	0x00D2      	MOVWF      FARG_Lcd_Out_column
0x027C	0x3020      	MOVLW      ?lstr3_EEPROM
0x027D	0x00D3      	MOVWF      FARG_Lcd_Out_text
0x027E	0x216D      	CALL       _Lcd_Out
;EEPROM.c,55 :: 		Delay_ms(2000);
0x027F	0x3015      	MOVLW      21
0x0280	0x00FB      	MOVWF      R11
0x0281	0x304B      	MOVLW      75
0x0282	0x00FC      	MOVWF      R12
0x0283	0x30BE      	MOVLW      190
0x0284	0x00FD      	MOVWF      R13
L_main11:
0x0285	0x0BFD      	DECFSZ     R13, 1
0x0286	0x2A85      	GOTO       L_main11
0x0287	0x0BFC      	DECFSZ     R12, 1
0x0288	0x2A85      	GOTO       L_main11
0x0289	0x0BFB      	DECFSZ     R11, 1
0x028A	0x2A85      	GOTO       L_main11
0x028B	0x0000      	NOP
;EEPROM.c,56 :: 		}
L_main10:
;EEPROM.c,57 :: 		if (PORTD.F2==1)                            //voter2
0x028C	0x1D08      	BTFSS      PORTD, 2
0x028D	0x2AB2      	GOTO       L_main12
;EEPROM.c,59 :: 		b++;
0x028E	0x1683      	BSF        STATUS, 5
0x028F	0x0ACE      	INCF       main_b_L0, 1
;EEPROM.c,61 :: 		eeprom_write(0x23,b);
0x0290	0x3023      	MOVLW      35
0x0291	0x00D1      	MOVWF      FARG_EEPROM_Write_Address
0x0292	0x084E      	MOVF       main_b_L0, 0
0x0293	0x00D2      	MOVWF      FARG_EEPROM_Write_data_
0x0294	0x214A      	CALL       _EEPROM_Write
;EEPROM.c,62 :: 		Lcd_Cmd(_LCD_CLEAR);               // Clear display
0x0295	0x3001      	MOVLW      1
0x0296	0x1303      	BCF        STATUS, 6
0x0297	0x00DF      	MOVWF      FARG_Lcd_Cmd_out_char
0x0298	0x2037      	CALL       _Lcd_Cmd
;EEPROM.c,63 :: 		Lcd_Cmd(_LCD_CURSOR_OFF);          // Cursor off
0x0299	0x300C      	MOVLW      12
0x029A	0x1683      	BSF        STATUS, 5
0x029B	0x00DF      	MOVWF      FARG_Lcd_Cmd_out_char
0x029C	0x2037      	CALL       _Lcd_Cmd
;EEPROM.c,64 :: 		Lcd_Out(1,5,"success2");
0x029D	0x3001      	MOVLW      1
0x029E	0x1683      	BSF        STATUS, 5
0x029F	0x00D1      	MOVWF      FARG_Lcd_Out_row
0x02A0	0x3005      	MOVLW      5
0x02A1	0x00D2      	MOVWF      FARG_Lcd_Out_column
0x02A2	0x3046      	MOVLW      ?lstr4_EEPROM
0x02A3	0x00D3      	MOVWF      FARG_Lcd_Out_text
0x02A4	0x216D      	CALL       _Lcd_Out
;EEPROM.c,65 :: 		Delay_ms(2000);
0x02A5	0x3015      	MOVLW      21
0x02A6	0x00FB      	MOVWF      R11
0x02A7	0x304B      	MOVLW      75
0x02A8	0x00FC      	MOVWF      R12
0x02A9	0x30BE      	MOVLW      190
0x02AA	0x00FD      	MOVWF      R13
L_main13:
0x02AB	0x0BFD      	DECFSZ     R13, 1
0x02AC	0x2AAB      	GOTO       L_main13
0x02AD	0x0BFC      	DECFSZ     R12, 1
0x02AE	0x2AAB      	GOTO       L_main13
0x02AF	0x0BFB      	DECFSZ     R11, 1
0x02B0	0x2AAB      	GOTO       L_main13
0x02B1	0x0000      	NOP
;EEPROM.c,66 :: 		}
L_main12:
;EEPROM.c,67 :: 		if (PORTD.F3==1)                            //voter3
0x02B2	0x1D88      	BTFSS      PORTD, 3
0x02B3	0x2AD8      	GOTO       L_main14
;EEPROM.c,69 :: 		c++;
0x02B4	0x1683      	BSF        STATUS, 5
0x02B5	0x0ACF      	INCF       main_c_L0, 1
;EEPROM.c,71 :: 		eeprom_write(0x34,c);
0x02B6	0x3034      	MOVLW      52
0x02B7	0x00D1      	MOVWF      FARG_EEPROM_Write_Address
0x02B8	0x084F      	MOVF       main_c_L0, 0
0x02B9	0x00D2      	MOVWF      FARG_EEPROM_Write_data_
0x02BA	0x214A      	CALL       _EEPROM_Write
;EEPROM.c,72 :: 		Lcd_Cmd(_LCD_CLEAR);               // Clear display
0x02BB	0x3001      	MOVLW      1
0x02BC	0x1303      	BCF        STATUS, 6
0x02BD	0x00DF      	MOVWF      FARG_Lcd_Cmd_out_char
0x02BE	0x2037      	CALL       _Lcd_Cmd
;EEPROM.c,73 :: 		Lcd_Cmd(_LCD_CURSOR_OFF);          // Cursor off
0x02BF	0x300C      	MOVLW      12
0x02C0	0x1683      	BSF        STATUS, 5
0x02C1	0x00DF      	MOVWF      FARG_Lcd_Cmd_out_char
0x02C2	0x2037      	CALL       _Lcd_Cmd
;EEPROM.c,74 :: 		Lcd_Out(1,5,"success");
0x02C3	0x3001      	MOVLW      1
0x02C4	0x1683      	BSF        STATUS, 5
0x02C5	0x00D1      	MOVWF      FARG_Lcd_Out_row
0x02C6	0x3005      	MOVLW      5
0x02C7	0x00D2      	MOVWF      FARG_Lcd_Out_column
0x02C8	0x30A0      	MOVLW      ?lstr5_EEPROM
0x02C9	0x00D3      	MOVWF      FARG_Lcd_Out_text
0x02CA	0x216D      	CALL       _Lcd_Out
;EEPROM.c,75 :: 		Delay_ms(2000);
0x02CB	0x3015      	MOVLW      21
0x02CC	0x00FB      	MOVWF      R11
0x02CD	0x304B      	MOVLW      75
0x02CE	0x00FC      	MOVWF      R12
0x02CF	0x30BE      	MOVLW      190
0x02D0	0x00FD      	MOVWF      R13
L_main15:
0x02D1	0x0BFD      	DECFSZ     R13, 1
0x02D2	0x2AD1      	GOTO       L_main15
0x02D3	0x0BFC      	DECFSZ     R12, 1
0x02D4	0x2AD1      	GOTO       L_main15
0x02D5	0x0BFB      	DECFSZ     R11, 1
0x02D6	0x2AD1      	GOTO       L_main15
0x02D7	0x0000      	NOP
;EEPROM.c,76 :: 		}
L_main14:
;EEPROM.c,77 :: 		if (PORTD.F4 ==1)                            //voter4
0x02D8	0x1E08      	BTFSS      PORTD, 4
0x02D9	0x2AFE      	GOTO       L_main16
;EEPROM.c,79 :: 		d++;
0x02DA	0x1683      	BSF        STATUS, 5
0x02DB	0x0AD0      	INCF       main_d_L0, 1
;EEPROM.c,81 :: 		eeprom_write(0x45,d);
0x02DC	0x3045      	MOVLW      69
0x02DD	0x00D1      	MOVWF      FARG_EEPROM_Write_Address
0x02DE	0x0850      	MOVF       main_d_L0, 0
0x02DF	0x00D2      	MOVWF      FARG_EEPROM_Write_data_
0x02E0	0x214A      	CALL       _EEPROM_Write
;EEPROM.c,82 :: 		Lcd_Cmd(_LCD_CLEAR);               // Clear display
0x02E1	0x3001      	MOVLW      1
0x02E2	0x1303      	BCF        STATUS, 6
0x02E3	0x00DF      	MOVWF      FARG_Lcd_Cmd_out_char
0x02E4	0x2037      	CALL       _Lcd_Cmd
;EEPROM.c,83 :: 		Lcd_Cmd(_LCD_CURSOR_OFF);          // Cursor off
0x02E5	0x300C      	MOVLW      12
0x02E6	0x1683      	BSF        STATUS, 5
0x02E7	0x00DF      	MOVWF      FARG_Lcd_Cmd_out_char
0x02E8	0x2037      	CALL       _Lcd_Cmd
;EEPROM.c,84 :: 		Lcd_Out(1,5,"success");
0x02E9	0x3001      	MOVLW      1
0x02EA	0x1683      	BSF        STATUS, 5
0x02EB	0x00D1      	MOVWF      FARG_Lcd_Out_row
0x02EC	0x3005      	MOVLW      5
0x02ED	0x00D2      	MOVWF      FARG_Lcd_Out_column
0x02EE	0x3064      	MOVLW      ?lstr6_EEPROM
0x02EF	0x00D3      	MOVWF      FARG_Lcd_Out_text
0x02F0	0x216D      	CALL       _Lcd_Out
;EEPROM.c,85 :: 		Delay_ms(2000);
0x02F1	0x3015      	MOVLW      21
0x02F2	0x00FB      	MOVWF      R11
0x02F3	0x304B      	MOVLW      75
0x02F4	0x00FC      	MOVWF      R12
0x02F5	0x30BE      	MOVLW      190
0x02F6	0x00FD      	MOVWF      R13
L_main17:
0x02F7	0x0BFD      	DECFSZ     R13, 1
0x02F8	0x2AF7      	GOTO       L_main17
0x02F9	0x0BFC      	DECFSZ     R12, 1
0x02FA	0x2AF7      	GOTO       L_main17
0x02FB	0x0BFB      	DECFSZ     R11, 1
0x02FC	0x2AF7      	GOTO       L_main17
0x02FD	0x0000      	NOP
;EEPROM.c,86 :: 		}
L_main16:
;EEPROM.c,87 :: 		if (PORTD.F5==1)
0x02FE	0x1E88      	BTFSS      PORTD, 5
0x02FF	0x2BA4      	GOTO       L_main18
;EEPROM.c,89 :: 		a=eeprom_read(0x12);
0x0300	0x3012      	MOVLW      18
0x0301	0x1683      	BSF        STATUS, 5
0x0302	0x00D1      	MOVWF      FARG_EEPROM_Read_Address
0x0303	0x21FE      	CALL       _EEPROM_Read
0x0304	0x0870      	MOVF       R0, 0
0x0305	0x1683      	BSF        STATUS, 5
0x0306	0x1303      	BCF        STATUS, 6
0x0307	0x00CD      	MOVWF      main_a_L0
;EEPROM.c,90 :: 		b=eeprom_read(0x23);
0x0308	0x3023      	MOVLW      35
0x0309	0x00D1      	MOVWF      FARG_EEPROM_Read_Address
0x030A	0x21FE      	CALL       _EEPROM_Read
0x030B	0x0870      	MOVF       R0, 0
0x030C	0x1683      	BSF        STATUS, 5
0x030D	0x1303      	BCF        STATUS, 6
0x030E	0x00CE      	MOVWF      main_b_L0
;EEPROM.c,91 :: 		c=eeprom_read(0x34);
0x030F	0x3034      	MOVLW      52
0x0310	0x00D1      	MOVWF      FARG_EEPROM_Read_Address
0x0311	0x21FE      	CALL       _EEPROM_Read
0x0312	0x0870      	MOVF       R0, 0
0x0313	0x1683      	BSF        STATUS, 5
0x0314	0x1303      	BCF        STATUS, 6
0x0315	0x00CF      	MOVWF      main_c_L0
;EEPROM.c,92 :: 		d=eeprom_read(0x45);
0x0316	0x3045      	MOVLW      69
0x0317	0x00D1      	MOVWF      FARG_EEPROM_Read_Address
0x0318	0x21FE      	CALL       _EEPROM_Read
0x0319	0x0870      	MOVF       R0, 0
0x031A	0x1683      	BSF        STATUS, 5
0x031B	0x1303      	BCF        STATUS, 6
0x031C	0x00D0      	MOVWF      main_d_L0
;EEPROM.c,93 :: 		Lcd_Cmd(_LCD_CLEAR);
0x031D	0x3001      	MOVLW      1
0x031E	0x00DF      	MOVWF      FARG_Lcd_Cmd_out_char
0x031F	0x2037      	CALL       _Lcd_Cmd
;EEPROM.c,94 :: 		inttostr(a,txt);
0x0320	0x1683      	BSF        STATUS, 5
0x0321	0x084D      	MOVF       main_a_L0, 0
0x0322	0x00D1      	MOVWF      FARG_IntToStr_input
0x0323	0x01D2      	CLRF       FARG_IntToStr_input+1
0x0324	0x30B1      	MOVLW      main_txt_L0
0x0325	0x00D3      	MOVWF      FARG_IntToStr_output
0x0326	0x20E0      	CALL       _IntToStr
;EEPROM.c,95 :: 		inttostr(b,txt1);
0x0327	0x084E      	MOVF       main_b_L0, 0
0x0328	0x00D1      	MOVWF      FARG_IntToStr_input
0x0329	0x01D2      	CLRF       FARG_IntToStr_input+1
0x032A	0x30B8      	MOVLW      main_txt1_L0
0x032B	0x00D3      	MOVWF      FARG_IntToStr_output
0x032C	0x20E0      	CALL       _IntToStr
;EEPROM.c,96 :: 		inttostr(c,txt2);
0x032D	0x084F      	MOVF       main_c_L0, 0
0x032E	0x00D1      	MOVWF      FARG_IntToStr_input
0x032F	0x01D2      	CLRF       FARG_IntToStr_input+1
0x0330	0x30BF      	MOVLW      main_txt2_L0
0x0331	0x00D3      	MOVWF      FARG_IntToStr_output
0x0332	0x20E0      	CALL       _IntToStr
;EEPROM.c,97 :: 		inttostr(d,txt3);
0x0333	0x0850      	MOVF       main_d_L0, 0
0x0334	0x00D1      	MOVWF      FARG_IntToStr_input
0x0335	0x01D2      	CLRF       FARG_IntToStr_input+1
0x0336	0x30C6      	MOVLW      main_txt3_L0
0x0337	0x00D3      	MOVWF      FARG_IntToStr_output
0x0338	0x20E0      	CALL       _IntToStr
;EEPROM.c,98 :: 		delay_ms(500);
0x0339	0x3006      	MOVLW      6
0x033A	0x00FB      	MOVWF      R11
0x033B	0x3013      	MOVLW      19
0x033C	0x00FC      	MOVWF      R12
0x033D	0x30AD      	MOVLW      173
0x033E	0x00FD      	MOVWF      R13
L_main19:
0x033F	0x0BFD      	DECFSZ     R13, 1
0x0340	0x2B3F      	GOTO       L_main19
0x0341	0x0BFC      	DECFSZ     R12, 1
0x0342	0x2B3F      	GOTO       L_main19
0x0343	0x0BFB      	DECFSZ     R11, 1
0x0344	0x2B3F      	GOTO       L_main19
0x0345	0x0000      	NOP
0x0346	0x0000      	NOP
;EEPROM.c,99 :: 		lcd_out(1,1,"1:");
0x0347	0x3001      	MOVLW      1
0x0348	0x00D1      	MOVWF      FARG_Lcd_Out_row
0x0349	0x3001      	MOVLW      1
0x034A	0x00D2      	MOVWF      FARG_Lcd_Out_column
0x034B	0x306C      	MOVLW      ?lstr7_EEPROM
0x034C	0x00D3      	MOVWF      FARG_Lcd_Out_text
0x034D	0x216D      	CALL       _Lcd_Out
;EEPROM.c,100 :: 		lcd_out(1,4,"txt");
0x034E	0x3001      	MOVLW      1
0x034F	0x1683      	BSF        STATUS, 5
0x0350	0x00D1      	MOVWF      FARG_Lcd_Out_row
0x0351	0x3004      	MOVLW      4
0x0352	0x00D2      	MOVWF      FARG_Lcd_Out_column
0x0353	0x30AB      	MOVLW      ?lstr8_EEPROM
0x0354	0x00D3      	MOVWF      FARG_Lcd_Out_text
0x0355	0x216D      	CALL       _Lcd_Out
;EEPROM.c,101 :: 		lcd_out(2,1,"2:");
0x0356	0x3002      	MOVLW      2
0x0357	0x1683      	BSF        STATUS, 5
0x0358	0x00D1      	MOVWF      FARG_Lcd_Out_row
0x0359	0x3001      	MOVLW      1
0x035A	0x00D2      	MOVWF      FARG_Lcd_Out_column
0x035B	0x30A8      	MOVLW      ?lstr9_EEPROM
0x035C	0x00D3      	MOVWF      FARG_Lcd_Out_text
0x035D	0x216D      	CALL       _Lcd_Out
;EEPROM.c,102 :: 		lcd_out(2,4,"txt1");
0x035E	0x3002      	MOVLW      2
0x035F	0x1683      	BSF        STATUS, 5
0x0360	0x00D1      	MOVWF      FARG_Lcd_Out_row
0x0361	0x3004      	MOVLW      4
0x0362	0x00D2      	MOVWF      FARG_Lcd_Out_column
0x0363	0x305F      	MOVLW      ?lstr10_EEPROM
0x0364	0x00D3      	MOVWF      FARG_Lcd_Out_text
0x0365	0x216D      	CALL       _Lcd_Out
;EEPROM.c,103 :: 		delay_ms(2000),
0x0366	0x3015      	MOVLW      21
0x0367	0x00FB      	MOVWF      R11
0x0368	0x304B      	MOVLW      75
0x0369	0x00FC      	MOVWF      R12
0x036A	0x30BE      	MOVLW      190
0x036B	0x00FD      	MOVWF      R13
L_main20:
0x036C	0x0BFD      	DECFSZ     R13, 1
0x036D	0x2B6C      	GOTO       L_main20
0x036E	0x0BFC      	DECFSZ     R12, 1
0x036F	0x2B6C      	GOTO       L_main20
0x0370	0x0BFB      	DECFSZ     R11, 1
0x0371	0x2B6C      	GOTO       L_main20
0x0372	0x0000      	NOP
;EEPROM.c,104 :: 		lcd_Cmd(_LCD_CLEAR);
0x0373	0x3001      	MOVLW      1
0x0374	0x1683      	BSF        STATUS, 5
0x0375	0x00DF      	MOVWF      FARG_Lcd_Cmd_out_char
0x0376	0x2037      	CALL       _Lcd_Cmd
;EEPROM.c,105 :: 		lcd_out(1,1,"3:");
0x0377	0x3001      	MOVLW      1
0x0378	0x1683      	BSF        STATUS, 5
0x0379	0x00D1      	MOVWF      FARG_Lcd_Out_row
0x037A	0x3001      	MOVLW      1
0x037B	0x00D2      	MOVWF      FARG_Lcd_Out_column
0x037C	0x3054      	MOVLW      ?lstr11_EEPROM
0x037D	0x00D3      	MOVWF      FARG_Lcd_Out_text
0x037E	0x216D      	CALL       _Lcd_Out
;EEPROM.c,106 :: 		lcd_out(1,4,"txt2");
0x037F	0x3001      	MOVLW      1
0x0380	0x1683      	BSF        STATUS, 5
0x0381	0x00D1      	MOVWF      FARG_Lcd_Out_row
0x0382	0x3004      	MOVLW      4
0x0383	0x00D2      	MOVWF      FARG_Lcd_Out_column
0x0384	0x304F      	MOVLW      ?lstr12_EEPROM
0x0385	0x00D3      	MOVWF      FARG_Lcd_Out_text
0x0386	0x216D      	CALL       _Lcd_Out
;EEPROM.c,107 :: 		lcd_out(2,1,"4:");
0x0387	0x3002      	MOVLW      2
0x0388	0x1683      	BSF        STATUS, 5
0x0389	0x00D1      	MOVWF      FARG_Lcd_Out_row
0x038A	0x3001      	MOVLW      1
0x038B	0x00D2      	MOVWF      FARG_Lcd_Out_column
0x038C	0x3057      	MOVLW      ?lstr13_EEPROM
0x038D	0x00D3      	MOVWF      FARG_Lcd_Out_text
0x038E	0x216D      	CALL       _Lcd_Out
;EEPROM.c,108 :: 		lcd_out(2,4,"txt3");
0x038F	0x3002      	MOVLW      2
0x0390	0x1683      	BSF        STATUS, 5
0x0391	0x00D1      	MOVWF      FARG_Lcd_Out_row
0x0392	0x3004      	MOVLW      4
0x0393	0x00D2      	MOVWF      FARG_Lcd_Out_column
0x0394	0x305A      	MOVLW      ?lstr14_EEPROM
0x0395	0x00D3      	MOVWF      FARG_Lcd_Out_text
0x0396	0x216D      	CALL       _Lcd_Out
;EEPROM.c,109 :: 		delay_ms(2000);
0x0397	0x3015      	MOVLW      21
0x0398	0x00FB      	MOVWF      R11
0x0399	0x304B      	MOVLW      75
0x039A	0x00FC      	MOVWF      R12
0x039B	0x30BE      	MOVLW      190
0x039C	0x00FD      	MOVWF      R13
L_main21:
0x039D	0x0BFD      	DECFSZ     R13, 1
0x039E	0x2B9D      	GOTO       L_main21
0x039F	0x0BFC      	DECFSZ     R12, 1
0x03A0	0x2B9D      	GOTO       L_main21
0x03A1	0x0BFB      	DECFSZ     R11, 1
0x03A2	0x2B9D      	GOTO       L_main21
0x03A3	0x0000      	NOP
;EEPROM.c,110 :: 		}
L_main18:
;EEPROM.c,111 :: 		}
0x03A4	0x2A47      	GOTO       L_main6
;EEPROM.c,113 :: 		}
L_end_main:
0x03A5	0x2BA5      	GOTO       $+0
; end of _main
0x040A	0x3020      	MOVLW      32
0x040B	0x0084      	MOVWF      FSR
0x040C	0x304C      	MOVLW      76
0x040D	0x1283      	BCF        STATUS, 5
0x040E	0x1303      	BCF        STATUS, 6
0x040F	0x00F0      	MOVWF      R0
0x0410	0x30AB      	MOVLW      171
0x0411	0x1683      	BSF        STATUS, 5
0x0412	0x00AF      	MOVWF      ___DoICPAddr
0x0413	0x3003      	MOVLW      3
0x0414	0x00B0      	MOVWF      176
0x0415	0x220B      	CALL       523
0x0416	0x30A0      	MOVLW      160
0x0417	0x0084      	MOVWF      FSR
0x0418	0x3008      	MOVLW      8
0x0419	0x1283      	BCF        STATUS, 5
0x041A	0x1303      	BCF        STATUS, 6
0x041B	0x00F0      	MOVWF      R0
0x041C	0x30F7      	MOVLW      247
0x041D	0x1683      	BSF        STATUS, 5
0x041E	0x00AF      	MOVWF      ___DoICPAddr
0x041F	0x3003      	MOVLW      3
0x0420	0x00B0      	MOVWF      176
0x0421	0x220B      	CALL       523
0x0422	0x306C      	MOVLW      108
0x0423	0x0084      	MOVWF      FSR
0x0424	0x3003      	MOVLW      3
0x0425	0x1283      	BCF        STATUS, 5
0x0426	0x1303      	BCF        STATUS, 6
0x0427	0x00F0      	MOVWF      R0
0x0428	0x3006      	MOVLW      6
0x0429	0x1683      	BSF        STATUS, 5
0x042A	0x00AF      	MOVWF      ___DoICPAddr
0x042B	0x3004      	MOVLW      4
0x042C	0x00B0      	MOVWF      176
0x042D	0x220B      	CALL       523
0x042E	0x30A8      	MOVLW      168
0x042F	0x0084      	MOVWF      FSR
0x0430	0x3007      	MOVLW      7
0x0431	0x1283      	BCF        STATUS, 5
0x0432	0x1303      	BCF        STATUS, 6
0x0433	0x00F0      	MOVWF      R0
0x0434	0x30FF      	MOVLW      255
0x0435	0x1683      	BSF        STATUS, 5
0x0436	0x00AF      	MOVWF      ___DoICPAddr
0x0437	0x3003      	MOVLW      3
0x0438	0x00B0      	MOVWF      176
0x0439	0x220B      	CALL       523
0x043A	0x0008      	RETURN
;EEPROM.c,0 :: ?ICS?lstr3_EEPROM
0x03AB	0x3473 ;?ICS?lstr3_EEPROM+0
0x03AC	0x3475 ;?ICS?lstr3_EEPROM+1
0x03AD	0x3463 ;?ICS?lstr3_EEPROM+2
0x03AE	0x3463 ;?ICS?lstr3_EEPROM+3
0x03AF	0x3465 ;?ICS?lstr3_EEPROM+4
0x03B0	0x3473 ;?ICS?lstr3_EEPROM+5
0x03B1	0x3473 ;?ICS?lstr3_EEPROM+6
0x03B2	0x3400 ;?ICS?lstr3_EEPROM+7
; end of ?ICS?lstr3_EEPROM
;EEPROM.c,0 :: ?ICS?lstr2_EEPROM
0x03B3	0x3453 ;?ICS?lstr2_EEPROM+0
0x03B4	0x3454 ;?ICS?lstr2_EEPROM+1
0x03B5	0x3441 ;?ICS?lstr2_EEPROM+2
0x03B6	0x3452 ;?ICS?lstr2_EEPROM+3
0x03B7	0x3454 ;?ICS?lstr2_EEPROM+4
0x03B8	0x3420 ;?ICS?lstr2_EEPROM+5
0x03B9	0x3456 ;?ICS?lstr2_EEPROM+6
0x03BA	0x344F ;?ICS?lstr2_EEPROM+7
0x03BB	0x3454 ;?ICS?lstr2_EEPROM+8
0x03BC	0x3449 ;?ICS?lstr2_EEPROM+9
0x03BD	0x344E ;?ICS?lstr2_EEPROM+10
0x03BE	0x3447 ;?ICS?lstr2_EEPROM+11
0x03BF	0x3400 ;?ICS?lstr2_EEPROM+12
; end of ?ICS?lstr2_EEPROM
;EEPROM.c,0 :: ?ICS?lstr1_EEPROM
0x03C0	0x3448 ;?ICS?lstr1_EEPROM+0
0x03C1	0x3445 ;?ICS?lstr1_EEPROM+1
0x03C2	0x344C ;?ICS?lstr1_EEPROM+2
0x03C3	0x344C ;?ICS?lstr1_EEPROM+3
0x03C4	0x344F ;?ICS?lstr1_EEPROM+4
0x03C5	0x3420 ;?ICS?lstr1_EEPROM+5
0x03C6	0x3445 ;?ICS?lstr1_EEPROM+6
0x03C7	0x3476 ;?ICS?lstr1_EEPROM+7
0x03C8	0x3465 ;?ICS?lstr1_EEPROM+8
0x03C9	0x3472 ;?ICS?lstr1_EEPROM+9
0x03CA	0x3479 ;?ICS?lstr1_EEPROM+10
0x03CB	0x3456 ;?ICS?lstr1_EEPROM+11
0x03CC	0x346F ;?ICS?lstr1_EEPROM+12
0x03CD	0x3474 ;?ICS?lstr1_EEPROM+13
0x03CE	0x3465 ;?ICS?lstr1_EEPROM+14
0x03CF	0x3472 ;?ICS?lstr1_EEPROM+15
0x03D0	0x3400 ;?ICS?lstr1_EEPROM+16
; end of ?ICS?lstr1_EEPROM
;EEPROM.c,0 :: ?ICS?lstr4_EEPROM
0x03D1	0x3473 ;?ICS?lstr4_EEPROM+0
0x03D2	0x3475 ;?ICS?lstr4_EEPROM+1
0x03D3	0x3463 ;?ICS?lstr4_EEPROM+2
0x03D4	0x3463 ;?ICS?lstr4_EEPROM+3
0x03D5	0x3465 ;?ICS?lstr4_EEPROM+4
0x03D6	0x3473 ;?ICS?lstr4_EEPROM+5
0x03D7	0x3473 ;?ICS?lstr4_EEPROM+6
0x03D8	0x3432 ;?ICS?lstr4_EEPROM+7
0x03D9	0x3400 ;?ICS?lstr4_EEPROM+8
; end of ?ICS?lstr4_EEPROM
;EEPROM.c,0 :: ?ICS?lstr12_EEPROM
0x03DA	0x3474 ;?ICS?lstr12_EEPROM+0
0x03DB	0x3478 ;?ICS?lstr12_EEPROM+1
0x03DC	0x3474 ;?ICS?lstr12_EEPROM+2
0x03DD	0x3432 ;?ICS?lstr12_EEPROM+3
0x03DE	0x3400 ;?ICS?lstr12_EEPROM+4
; end of ?ICS?lstr12_EEPROM
;EEPROM.c,0 :: ?ICS?lstr11_EEPROM
0x03DF	0x3433 ;?ICS?lstr11_EEPROM+0
0x03E0	0x343A ;?ICS?lstr11_EEPROM+1
0x03E1	0x3400 ;?ICS?lstr11_EEPROM+2
; end of ?ICS?lstr11_EEPROM
;EEPROM.c,0 :: ?ICS?lstr13_EEPROM
0x03E2	0x3434 ;?ICS?lstr13_EEPROM+0
0x03E3	0x343A ;?ICS?lstr13_EEPROM+1
0x03E4	0x3400 ;?ICS?lstr13_EEPROM+2
; end of ?ICS?lstr13_EEPROM
;EEPROM.c,0 :: ?ICS?lstr14_EEPROM
0x03E5	0x3474 ;?ICS?lstr14_EEPROM+0
0x03E6	0x3478 ;?ICS?lstr14_EEPROM+1
0x03E7	0x3474 ;?ICS?lstr14_EEPROM+2
0x03E8	0x3433 ;?ICS?lstr14_EEPROM+3
0x03E9	0x3400 ;?ICS?lstr14_EEPROM+4
; end of ?ICS?lstr14_EEPROM
;EEPROM.c,0 :: ?ICS?lstr10_EEPROM
0x03EA	0x3474 ;?ICS?lstr10_EEPROM+0
0x03EB	0x3478 ;?ICS?lstr10_EEPROM+1
0x03EC	0x3474 ;?ICS?lstr10_EEPROM+2
0x03ED	0x3431 ;?ICS?lstr10_EEPROM+3
0x03EE	0x3400 ;?ICS?lstr10_EEPROM+4
; end of ?ICS?lstr10_EEPROM
;EEPROM.c,0 :: ?ICS?lstr6_EEPROM
0x03EF	0x3473 ;?ICS?lstr6_EEPROM+0
0x03F0	0x3475 ;?ICS?lstr6_EEPROM+1
0x03F1	0x3463 ;?ICS?lstr6_EEPROM+2
0x03F2	0x3463 ;?ICS?lstr6_EEPROM+3
0x03F3	0x3465 ;?ICS?lstr6_EEPROM+4
0x03F4	0x3473 ;?ICS?lstr6_EEPROM+5
0x03F5	0x3473 ;?ICS?lstr6_EEPROM+6
0x03F6	0x3400 ;?ICS?lstr6_EEPROM+7
; end of ?ICS?lstr6_EEPROM
;EEPROM.c,0 :: ?ICS?lstr5_EEPROM
0x03F7	0x3473 ;?ICS?lstr5_EEPROM+0
0x03F8	0x3475 ;?ICS?lstr5_EEPROM+1
0x03F9	0x3463 ;?ICS?lstr5_EEPROM+2
0x03FA	0x3463 ;?ICS?lstr5_EEPROM+3
0x03FB	0x3465 ;?ICS?lstr5_EEPROM+4
0x03FC	0x3473 ;?ICS?lstr5_EEPROM+5
0x03FD	0x3473 ;?ICS?lstr5_EEPROM+6
0x03FE	0x3400 ;?ICS?lstr5_EEPROM+7
; end of ?ICS?lstr5_EEPROM
;EEPROM.c,0 :: ?ICS?lstr9_EEPROM
0x03FF	0x3432 ;?ICS?lstr9_EEPROM+0
0x0400	0x343A ;?ICS?lstr9_EEPROM+1
0x0401	0x3400 ;?ICS?lstr9_EEPROM+2
; end of ?ICS?lstr9_EEPROM
;EEPROM.c,0 :: ?ICS?lstr8_EEPROM
0x0402	0x3474 ;?ICS?lstr8_EEPROM+0
0x0403	0x3478 ;?ICS?lstr8_EEPROM+1
0x0404	0x3474 ;?ICS?lstr8_EEPROM+2
0x0405	0x3400 ;?ICS?lstr8_EEPROM+3
; end of ?ICS?lstr8_EEPROM
;EEPROM.c,0 :: ?ICS?lstr7_EEPROM
0x0406	0x3431 ;?ICS?lstr7_EEPROM+0
0x0407	0x343A ;?ICS?lstr7_EEPROM+1
0x0408	0x3400 ;?ICS?lstr7_EEPROM+2
; end of ?ICS?lstr7_EEPROM
Symbol List:
//** Routines locations **
//ADDRESS    SIZE    PROCEDURE
//----------------------------------------------
0x0003       [3]    _Delay_1us
0x0006      [13]    _Delay_5500us
0x0013       [7]    _Delay_50us
0x001A      [29]    _Div_16x16_U
0x0037      [87]    _Lcd_Cmd
0x008E       [7]    _____DoICP
0x0095      [66]    _WordToStr
0x00D7       [9]    _Lcd_Chr_CP
0x00E0     [106]    _IntToStr
0x014A      [35]    _EEPROM_Write
0x016D      [67]    _Lcd_Out
0x01B0      [78]    _Lcd_Init
0x01FE      [13]    _EEPROM_Read
0x020B      [12]    ___CC2DW
0x0217     [398]    _main
//** Variables locations ** 
//ADDRESS    SIZE    VARIABLE
//----------------------------------------------
0x0000       [1]    INDF
0x0002       [1]    PCL
0x0003       [1]    STATUS
0x0004       [1]    FSR
0x0006       [0]    LCD_D6
0x0006       [0]    LCD_EN
0x0006       [0]    RB0_bit
0x0006       [0]    LCD_D4
0x0006       [0]    LCD_RS
0x0006       [0]    LCD_D5
0x0006       [0]    RB3_bit
0x0006       [0]    RB2_bit
0x0006       [0]    RB5_bit
0x0006       [0]    RB4_bit
0x0006       [0]    LCD_D7
0x0006       [0]    RB1_bit
0x0008       [1]    PORTD
0x000A       [1]    PCLATH
0x000B       [1]    INTCON
0x0020       [8]    ?lstr3_EEPROM
0x0028      [13]    ?lstr2_EEPROM
0x0035      [17]    ?lstr1_EEPROM
0x0046       [9]    ?lstr4_EEPROM
0x004F       [5]    ?lstr12_EEPROM
0x0054       [3]    ?lstr11_EEPROM
0x0057       [3]    ?lstr13_EEPROM
0x005A       [5]    ?lstr14_EEPROM
0x005F       [5]    ?lstr10_EEPROM
0x0064       [8]    ?lstr6_EEPROM
0x006C       [3]    ?lstr7_EEPROM
0x006F       [0]    __Lib_Lcd_cmd_status
0x0070       [1]    R0
0x0071       [1]    R1
0x0072       [1]    R2
0x0073       [1]    R3
0x0074       [1]    R4
0x0075       [1]    R5
0x0076       [1]    R6
0x0077       [1]    R7
0x0078       [1]    R8
0x0079       [1]    R9
0x007A       [1]    R10
0x007B       [1]    R11
0x007C       [1]    R12
0x007D       [1]    R13
0x007E       [1]    R14
0x007F       [1]    R15
0x0086       [0]    TRISB5_bit
0x0086       [0]    LCD_EN_Direction
0x0086       [0]    TRISB2_bit
0x0086       [0]    LCD_D4_Direction
0x0086       [0]    TRISB0_bit
0x0086       [0]    TRISB1_bit
0x0086       [0]    LCD_RS_Direction
0x0086       [0]    LCD_D6_Direction
0x0086       [0]    LCD_D7_Direction
0x0086       [0]    TRISB4_bit
0x0086       [0]    LCD_D5_Direction
0x0086       [0]    TRISB3_bit
0x0088       [1]    TRISD
0x00A0       [8]    ?lstr5_EEPROM
0x00A8       [3]    ?lstr9_EEPROM
0x00AB       [4]    ?lstr8_EEPROM
0x00AF       [2]    ___DoICPAddr
0x00B1       [7]    main_txt_L0
0x00B8       [7]    main_txt1_L0
0x00BF       [7]    main_txt2_L0
0x00C6       [7]    main_txt3_L0
0x00CD       [1]    main_a_L0
0x00CE       [1]    main_b_L0
0x00CF       [1]    main_c_L0
0x00D0       [1]    main_d_L0
0x00D1       [1]    FARG_EEPROM_Read_Address
0x00D1       [2]    FARG_IntToStr_input
0x00D1       [1]    FARG_EEPROM_Write_Address
0x00D1       [1]    FARG_Lcd_Out_row
0x00D2       [1]    FARG_EEPROM_Write_data_
0x00D2       [1]    FARG_Lcd_Out_column
0x00D3       [1]    FARG_Lcd_Out_text
0x00D3       [1]    FARG_IntToStr_output
0x00D4       [1]    Lcd_Out_i_L0
0x00D4       [2]    IntToStr_i_L0
0x00D6       [2]    IntToStr_negative_L0
0x00D8       [2]    IntToStr_inword_L0
0x00DA       [1]    FARG_Lcd_Chr_CP_out_char
0x00DA       [2]    FARG_WordToStr_input
0x00DC       [1]    FARG_WordToStr_output
0x00DD       [1]    WordToStr_len_L0
0x00DE       [1]    FLOC__WordToStr
0x00DF       [1]    FARG_Lcd_Cmd_out_char
0x010C       [1]    EEDATA
0x010D       [1]    EEADR
0x018C       [1]    EECON1
0x018D       [1]    EECON2
//** Constants locations ** 
//ADDRESS    SIZE    CONSTANT
//----------------------------------------------
0x03AB       [8]    ?ICS?lstr3_EEPROM
0x03B3      [13]    ?ICS?lstr2_EEPROM
0x03C0      [17]    ?ICS?lstr1_EEPROM
0x03D1       [9]    ?ICS?lstr4_EEPROM
0x03DA       [5]    ?ICS?lstr12_EEPROM
0x03DF       [3]    ?ICS?lstr11_EEPROM
0x03E2       [3]    ?ICS?lstr13_EEPROM
0x03E5       [5]    ?ICS?lstr14_EEPROM
0x03EA       [5]    ?ICS?lstr10_EEPROM
0x03EF       [8]    ?ICS?lstr6_EEPROM
0x03F7       [8]    ?ICS?lstr5_EEPROM
0x03FF       [3]    ?ICS?lstr9_EEPROM
0x0402       [4]    ?ICS?lstr8_EEPROM
0x0406       [3]    ?ICS?lstr7_EEPROM
//** Label List: ** 
//----------------------------------------------
  L_main0
  L_main1
  L_main2
  L_main3
  L_main4
  L_main5
  L_main6
  L_main7
  L_main8
  L_main9
  L_main10
  L_main11
  L_main12
  L_main13
  L_main14
  L_main15
  L_main16
  L_main17
  L_main18
  L_main19
  L_main20
  L_main21
  L_end_main
  _main
  L_ByteToStr0
  L_ByteToStr1
  L_ByteToStr2
  L_ByteToStr3
  L_ByteToStr4
  L_ByteToStr5
  L_WordToStr6
  L_WordToStr7
  L_WordToStr8
  L_WordToStr9
  L_WordToStr10
  L_WordToStr11
  L_WordToStrWithZeros12
  L_WordToStrWithZeros13
  L_WordToStrWithZeros14
  L_WordToStrWithZeros15
  L_WordToStrWithZeros16
  L_ShortToStr17
  L_ShortToStr18
  L_ShortToStr19
  L_ShortToStr20
  L_ShortToStr21
  L_ShortToStr22
  L_IntToStr23
  L_IntToStr24
  L_IntToStr25
  L_IntToStr26
  L_IntToStr27
  L_IntToStr28
  L_IntToStrWithZeros29
  L_IntToStrWithZeros30
  L_IntToStrWithZeros31
  L_IntToStrWithZeros32
  L_IntToStrWithZeros33
  L_IntToStrWithZeros34
  L_IntToStrWithZeros35
  L_IntToStrWithZeros36
  L_IntToStrWithZeros37
  L_LongWordToStr38
  L_LongWordToStr39
  L_LongWordToStr40
  L_LongWordToStr41
  L_LongWordToStr42
  L_LongWordToStr43
  L_LongWordToStrWithZeros44
  L_LongWordToStrWithZeros45
  L_LongWordToStrWithZeros46
  L_LongWordToStrWithZeros47
  L_LongWordToStrWithZeros48
  L_LongToStr49
  L_LongToStr50
  L_LongToStr51
  L_LongToStr52
  L_LongToStr53
  L_LongToStr54
  L_LongIntToStrWithZeros55
  L_LongIntToStrWithZeros56
  L_LongIntToStrWithZeros57
  L_LongIntToStrWithZeros58
  L_LongIntToStrWithZeros59
  L_LongIntToStrWithZeros60
  L_LongIntToStrWithZeros61
  L_LongIntToStrWithZeros62
  L_LongIntToStrWithZeros63
  L_Dec2Bcd64
  L_Dec2Bcd65
  L_Rtrim66
  L_Rtrim67
  L_Rtrim68
  L_Rtrim69
  L_Ltrim70
  L_Ltrim71
  L_Ltrim72
  L_Ltrim73
  L_Ltrim74
  L_Ltrim75
  L_FloatToStr76
  L_FloatToStr77
  L_FloatToStr78
  L_FloatToStr79
  L_FloatToStr80
  L_FloatToStr81
  L_FloatToStr82
  L_FloatToStr83
  L_FloatToStr84
  L_FloatToStr85
  L_FloatToStr86
  L_FloatToStr87
  L_FloatToStr88
  L_FloatToStr89
  L_FloatToStr90
  L_FloatToStr91
  L_FloatToStr92
  L_FloatToStr93
  L_FloatToStr94
  L_FloatToStr95
  L_FloatToStr96
  L_FloatToStr97
  L__Rtrim98
  L__Ltrim99
  L__FloatToStr100
  L_end_ByteToHex
  _ByteToHex
  L_end_ShortToHex
  _ShortToHex
  L_end_WordToHex
  _WordToHex
  L_end_IntToHex
  _IntToHex
  L_end_LongWordToHex
  _LongWordToHex
  L_end_LongIntToHex
  _LongIntToHex
  L_end_ByteToStr
  _ByteToStr
  L_end_WordToStr
  _WordToStr
  L__WordToStr109
  L_end_WordToStrWithZeros
  _WordToStrWithZeros
  L__WordToStrWithZeros111
  L_end_ShortToStr
  _ShortToStr
  L__ShortToStr113
  L_end_IntToStr
  _IntToStr
  L__IntToStr115
  L__IntToStr116
  L_end_IntToStrWithZeros
  _IntToStrWithZeros
  L__IntToStrWithZeros118
  L__IntToStrWithZeros119
  L__IntToStrWithZeros120
  L_end_LongWordToStr
  _LongWordToStr
  L__LongWordToStr122
  L__LongWordToStr123
  L_end_LongWordToStrWithZeros
  _LongWordToStrWithZeros
  L__LongWordToStrWithZeros125
  L_end_LongToStr
  _LongToStr
  L__LongToStr127
  L__LongToStr128
  L_end_LongIntToStrWithZeros
  _LongIntToStrWithZeros
  L__LongIntToStrWithZeros130
  L__LongIntToStrWithZeros131
  L__LongIntToStrWithZeros132
  L_end_Dec2Bcd
  _Dec2Bcd
  L_end_Bcd2Dec
  _Bcd2Dec
  L_end_Bcd2Dec16
  _Bcd2Dec16
  L__Bcd2Dec16136
  L__Bcd2Dec16137
  L_end_Dec2Bcd16
  _Dec2Bcd16
  L__Dec2Bcd16139
  L__Dec2Bcd16140
  L_end_Rtrim
  _Rtrim
  L_end_Ltrim
  _Ltrim
  L_end_FloatToStr
  _FloatToStr
  L__FloatToStr144
  L__FloatToStr145
  L__FloatToStr146
  L__FloatToStr147
  L__FloatToStr148
  L_Delay_10us0
  L_Delay_22us1
  L_Delay_50us2
  L_Delay_80us3
  L_Delay_500us4
  L_Delay_5500us5
  L_Delay_1ms6
  L_Delay_5ms7
  L_Delay_8ms8
  L_Delay_10ms9
  L_Delay_100ms10
  L_Delay_1sec11
  L_boot16_Delay_5ms12
  L_Delay_Cyc13
  L_Delay_Cyc14
  L_VDelay_ms15
  L_VDelay_ms16
  L_VDelay_ms17
  L_VDelay_Advanced_ms18
  L_VDelay_Advanced_ms19
  L_VDelay_Advanced_ms20
  L_end_Get_Fosc_kHz
  _Get_Fosc_kHz
  L_end_Delay_1us
  _Delay_1us
  L_end_Delay_10us
  _Delay_10us
  L_end_Delay_22us
  _Delay_22us
  L_end_Delay_50us
  _Delay_50us
  L_end_Delay_80us
  _Delay_80us
  L_end_Delay_500us
  _Delay_500us
  L_end_Delay_5500us
  _Delay_5500us
  L_end_Delay_1ms
  _Delay_1ms
  L_end_Delay_5ms
  _Delay_5ms
  L_end_Delay_8ms
  _Delay_8ms
  L_end_Delay_10ms
  _Delay_10ms
  L_end_Delay_100ms
  _Delay_100ms
  L_end_Delay_1sec
  _Delay_1sec
  L_end_boot16_Delay_5ms
  _boot16_Delay_5ms
  L_end_Delay_Cyc
  _Delay_Cyc
  L_end_VDelay_ms
  _VDelay_ms
  L__VDelay_ms38
  L__VDelay_ms39
  L__VDelay_ms40
  L_end_VDelay_Advanced_ms
  _VDelay_Advanced_ms
  L__VDelay_Advanced_ms42
  L__VDelay_Advanced_ms43
  L__VDelay_Advanced_ms44
  L_EEPROM_Write0
  L_EEPROM_Write1
  L_end_EEPROM_Read
  _EEPROM_Read
  L_end_EEPROM_Write
  _EEPROM_Write
  L__EEPROM_Write4
  L__EEPROM_Write5
  L_Lcd_Cmd0
  L_Lcd_Cmd1
  L_Lcd_Out_CP2
  L_Lcd_Out_CP3
  L_Lcd_Chr4
  L_Lcd_Chr5
  L_Lcd_Chr6
  L_Lcd_Chr7
  L_Lcd_Chr8
  L_Lcd_Chr9
  L_Lcd_Chr10
  L_Lcd_Out11
  L_Lcd_Out12
  L_Lcd_Out13
  L_Lcd_Out14
  L_Lcd_Out15
  L_Lcd_Out16
  L_Lcd_Out17
  L_Lcd_Out18
  L_Lcd_Out19
  L_end_Lcd_Cmd
  _Lcd_Cmd
  L__Lcd_Cmd21
  L__Lcd_Cmd22
  L__Lcd_Cmd23
  L__Lcd_Cmd24
  L__Lcd_Cmd25
  L__Lcd_Cmd26
  L__Lcd_Cmd27
  L__Lcd_Cmd28
  L__Lcd_Cmd29
  L__Lcd_Cmd30
  L__Lcd_Cmd31
  L__Lcd_Cmd32
  L__Lcd_Cmd33
  L__Lcd_Cmd34
  L__Lcd_Cmd35
  L__Lcd_Cmd36
  L__Lcd_Cmd37
  L__Lcd_Cmd38
  L__Lcd_Cmd39
  L__Lcd_Cmd40
  L_end_Lcd_Chr_CP
  _Lcd_Chr_CP
  L_end_Lcd_Out_CP
  _Lcd_Out_CP
  L_end_Lcd_Chr
  _Lcd_Chr
  L_end_Lcd_Init
  _Lcd_Init
  L_end_Lcd_Out
  _Lcd_Out
  L_Div_16x16_S0
  L_Div_16x16_S1
  LOOPS3232A
  SADD22LA
  SOK22LA
  SADD22L8
  SOK22L8
  LOOPS3232B
  SADD22LB
  SOK22LB
  SADD22L16
  SOK22L16
  LOOPS3232C
  SADD22LC
  SOK22LC
  SADD22L24
  SOK22L24
  LOOPS3232D
  SADD22LD
  SOK22LD
  SOK22L
  L_Div_32x32_S6
  L_Div_32x32_S7
  L_Div_32x32_S8
  L_Div_32x32_S9
  FXD3232S
  END_ALL
  CA3232S
  C3232SX
  C3232SX1
  C3232S
  C3232S2
  C3232SX4
  C3232SOK
  C3232SX3
  C3232SX2
  avoid_comfrem
  LOOPU3232A
  UADD22LA
  UOK22LA
  UADD22L8
  UOK22L8
  LOOPU3232B
  UADD22LB
  UOK22LB
  UADD22L16
  UOK22L16
  LOOPU3232C
  UADD22LC
  UOK22LC
  UADD22L24
  UOK22L24
  LOOPU3232D
  UADD22LD
  UOK22LD
  UOK22L
  _NEXT
  _EXIT2
  _LOOP
  _EXIT1
  _IF_FIRST
  _IF_SECOND
  _INVERCE_FIRST
  _MULT
  _INBERSE_SECOND
  _EXIT
  L_end_Mul_8x8_U
  _Mul_8x8_U
  L_end_Mul_16x16_U
  _Mul_16x16_U
  L_end_Div_8x8_U
  _Div_8x8_U
  L_end_Div_16x16_U
  _Div_16x16_U
  L_end_Mul_8x8_S
  _Mul_8x8_S
  L_end_Mul_16x16_S
  _Mul_16x16_S
  L_end_Div_16x16_S_L
  _Div_16x16_S_L
  L_end_Div_16x16_S
  _Div_16x16_S
  L_end_Div_8x8_S
  _Div_8x8_S
  L_end_SDIV3232L
  _SDIV3232L
  L_end_COMFREM
  _COMFREM
  L_end_Div_32x32_S
  _Div_32x32_S
  L_end_Div_32x32_U
  _Div_32x32_U
  L_end_Mul_32x32_U
  _Mul_32x32_U
  L_end_Mul_32x32_S
  _Mul_32x32_S
  L_loopCA2AWs
  L_CA2AWend
  _CCA2AW_Loop1
  L_loopCS2Ss
  L_CS2Send
  _CCS2S_Loop1
  L_CCS2Send
  L_loopFZinSWs
  L_FZinSend
  _CC2D_Loop1
  L_end_____DoICP
  _____DoICP
  L_end_____DoIFC
  _____DoIFC
  L_end___CA2AW
  ___CA2AW
  L_end___CCA2AW
  ___CCA2AW
  L_end___CS2S
  ___CS2S
  L_end___CCS2S
  ___CCS2S
  L_end___FZinS
  ___FZinS
  L_end___CC2DW
  ___CC2DW
  L_end_Swap
  _Swap
